12:07:35 **** Incremental Build of configuration Debug for project loA2 ****
Info: Internal Builder is used for build
g++ -O0 -g3 -Wall -c -fmessage-length=0 -o "src\\loA2.o" "..\\src\\loA2.cpp" 
..\src\loA2.cpp: In function 'int main()':
..\src\loA2.cpp:32:9: warning: unused variable 'interestPercentage' [-Wunused-variable]
  double interestPercentage = interestRate/100;
         ^~~~~~~~~~~~~~~~~~
..\src\loA2.cpp:34:9: warning: unused variable 'annualBalance' [-Wunused-variable]
  double annualBalance = principal + annualInterest;
         ^~~~~~~~~~~~~
..\src\loA2.cpp:36:9: warning: unused variable 'dailyBalance' [-Wunused-variable]
  double dailyBalance = principal + dailyInterest;
         ^~~~~~~~~~~~
g++ -o loA2.exe "src\\loA2.o" 
12:10:22 **** Incremental Build of configuration Debug for project loA2 ****
Info: Internal Builder is used for build
g++ -O0 -g3 -Wall -c -fmessage-length=0 -o "src\\loA2.o" "..\\src\\loA2.cpp" 
..\src\loA2.cpp: In function 'int main()':
..\src\loA2.cpp:32:9: warning: unused variable 'interestPercentage' [-Wunused-variable]
  double interestPercentage = interestRate/100;
         ^~~~~~~~~~~~~~~~~~
g++ -o loA2.exe "src\\loA2.o" 
12:11:17 **** Incremental Build of configuration Debug for project loA2 ****
Info: Internal Builder is used for build
g++ -O0 -g3 -Wall -c -fmessage-length=0 -o "src\\loA2.o" "..\\src\\loA2.cpp" 
g++ -o loA2.exe "src\\loA2.o" 
Info: Nothing to build for loA2
12:12:11 **** Incremental Build of configuration Debug for project loA2 ****
Info: Internal Builder is used for build
g++ -O0 -g3 -Wall -c -fmessage-length=0 -o "src\\loA2.o" "..\\src\\loA2.cpp" 
g++ -o loA2.exe "src\\loA2.o" 
Info: Nothing to build for loA2
12:12:41 **** Incremental Build of configuration Debug for project loA2 ****
Info: Internal Builder is used for build
g++ -O0 -g3 -Wall -c -fmessage-length=0 -o "src\\loA2.o" "..\\src\\loA2.cpp" 
g++ -o loA2.exe "src\\loA2.o" 
Info: Nothing to build for loA2
12:13:34 **** Incremental Build of configuration Debug for project loA2 ****
Info: Internal Builder is used for build
g++ -O0 -g3 -Wall -c -fmessage-length=0 -o "src\\loA2.o" "..\\src\\loA2.cpp" 
g++ -o loA2.exe "src\\loA2.o" 
Info: Nothing to build for loA2
13:39:47 **** Incremental Build of configuration Debug for project loA2 ****
Info: Internal Builder is used for build
g++ -O0 -g3 -Wall -c -fmessage-length=0 -o "src\\loA2.o" "..\\src\\loA2.cpp" 
g++ -o loA2.exe "src\\loA2.o" 
Info: Nothing to build for loA2
13:40:18 **** Incremental Build of configuration Debug for project loA2 ****
Info: Internal Builder is used for build
g++ -O0 -g3 -Wall -c -fmessage-length=0 -o "src\\loA2.o" "..\\src\\loA2.cpp" 
g++ -o loA2.exe "src\\loA2.o" 
Info: Nothing to build for loA2
13:41:03 **** Incremental Build of configuration Debug for project loA2 ****
Info: Internal Builder is used for build
g++ -O0 -g3 -Wall -c -fmessage-length=0 -o "src\\loA2.o" "..\\src\\loA2.cpp" 
g++ -o loA2.exe "src\\loA2.o" 
Info: Nothing to build for loA2
Info: Nothing to build for loA2
13:41:45 **** Incremental Build of configuration Debug for project loA2 ****
Info: Internal Builder is used for build
g++ -O0 -g3 -Wall -c -fmessage-length=0 -o "src\\loA2.o" "..\\src\\loA2.cpp" 
g++ -o loA2.exe "src\\loA2.o" 
Info: Nothing to build for loA2
13:45:11 **** Incremental Build of configuration Debug for project loA2 ****
Info: Internal Builder is used for build
g++ -O0 -g3 -Wall -c -fmessage-length=0 -o "src\\loA2.o" "..\\src\\loA2.cpp" 
g++ -o loA2.exe "src\\loA2.o" 
Info: Nothing to build for loA2
13:46:18 **** Incremental Build of configuration Debug for project loA2 ****
Info: Internal Builder is used for build
g++ -O0 -g3 -Wall -c -fmessage-length=0 -o "src\\loA2.o" "..\\src\\loA2.cpp" 
g++ -o loA2.exe "src\\loA2.o" 
Info: Nothing to build for loA2
13:46:33 **** Incremental Build of configuration Debug for project loA2 ****
Info: Internal Builder is used for build
g++ -O0 -g3 -Wall -c -fmessage-length=0 -o "src\\loA2.o" "..\\src\\loA2.cpp" 
g++ -o loA2.exe "src\\loA2.o" 
Info: Nothing to build for loA2
13:46:54 **** Incremental Build of configuration Debug for project loA2 ****
Info: Internal Builder is used for build
g++ -O0 -g3 -Wall -c -fmessage-length=0 -o "src\\loA2.o" "..\\src\\loA2.cpp" 
g++ -o loA2.exe "src\\loA2.o" 
Info: Nothing to build for loA2
13:47:20 **** Incremental Build of configuration Debug for project loA2 ****
Info: Internal Builder is used for build
g++ -O0 -g3 -Wall -c -fmessage-length=0 -o "src\\loA2.o" "..\\src\\loA2.cpp" 
g++ -o loA2.exe "src\\loA2.o" 
Info: Nothing to build for loA2
13:49:34 **** Incremental Build of configuration Debug for project loA2 ****
Info: Internal Builder is used for build
g++ -O0 -g3 -Wall -c -fmessage-length=0 -o "src\\loA2.o" "..\\src\\loA2.cpp" 
g++ -o loA2.exe "src\\loA2.o" 
Info: Nothing to build for loA2
13:51:25 **** Incremental Build of configuration Debug for project loA2 ****
Info: Internal Builder is used for build
g++ -O0 -g3 -Wall -c -fmessage-length=0 -o "src\\loA2.o" "..\\src\\loA2.cpp" 
g++ -o loA2.exe "src\\loA2.o" 
Info: Nothing to build for loA2
13:52:15 **** Incremental Build of configuration Debug for project loA2 ****
Info: Internal Builder is used for build
g++ -O0 -g3 -Wall -c -fmessage-length=0 -o "src\\loA2.o" "..\\src\\loA2.cpp" 
g++ -o loA2.exe "src\\loA2.o" 
Info: Nothing to build for loA2
13:55:28 **** Incremental Build of configuration Debug for project loA2 ****
Info: Internal Builder is used for build
g++ -O0 -g3 -Wall -c -fmessage-length=0 -o "src\\loA2.o" "..\\src\\loA2.cpp" 
g++ -o loA2.exe "src\\loA2.o" 
Info: Nothing to build for loA2
13:57:24 **** Incremental Build of configuration Debug for project loA2 ****
Info: Internal Builder is used for build
g++ -O0 -g3 -Wall -c -fmessage-length=0 -o "src\\loA2.o" "..\\src\\loA2.cpp" 
g++ -o loA2.exe "src\\loA2.o" 
Info: Nothing to build for loA2
13:58:47 **** Incremental Build of configuration Debug for project loA2 ****
Info: Internal Builder is used for build
g++ -O0 -g3 -Wall -c -fmessage-length=0 -o "src\\loA2.o" "..\\src\\loA2.cpp" 
g++ -o loA2.exe "src\\loA2.o" 
Info: Nothing to build for loA2
13:59:33 **** Incremental Build of configuration Debug for project loA2 ****
Info: Internal Builder is used for build
g++ -O0 -g3 -Wall -c -fmessage-length=0 -o "src\\loA2.o" "..\\src\\loA2.cpp" 
g++ -o loA2.exe "src\\loA2.o" 
Info: Nothing to build for loA2
14:00:57 **** Incremental Build of configuration Debug for project loA2 ****
Info: Internal Builder is used for build
g++ -O0 -g3 -Wall -c -fmessage-length=0 -o "src\\loA2.o" "..\\src\\loA2.cpp" 
g++ -o loA2.exe "src\\loA2.o" 
Info: Nothing to build for loA2
14:02:08 **** Incremental Build of configuration Debug for project loA2 ****
Info: Internal Builder is used for build
g++ -O0 -g3 -Wall -c -fmessage-length=0 -o "src\\loA2.o" "..\\src\\loA2.cpp" 
g++ -o loA2.exe "src\\loA2.o" 
Info: Nothing to build for loA2
Info: Nothing to build for loA2
14:02:53 **** Incremental Build of configuration Debug for project loA2 ****
Info: Internal Builder is used for build
g++ -O0 -g3 -Wall -c -fmessage-length=0 -o "src\\loA2.o" "..\\src\\loA2.cpp" 
g++ -o loA2.exe "src\\loA2.o" 
Info: Nothing to build for loA2
14:04:05 **** Incremental Build of configuration Debug for project loA2 ****
Info: Internal Builder is used for build
g++ -O0 -g3 -Wall -c -fmessage-length=0 -o "src\\loA2.o" "..\\src\\loA2.cpp" 
g++ -o loA2.exe "src\\loA2.o" 
Info: Nothing to build for loA2
14:04:46 **** Incremental Build of configuration Debug for project loA2 ****
Info: Internal Builder is used for build
g++ -O0 -g3 -Wall -c -fmessage-length=0 -o "src\\loA2.o" "..\\src\\loA2.cpp" 
g++ -o loA2.exe "src\\loA2.o" 
Info: Nothing to build for loA2
14:05:22 **** Incremental Build of configuration Debug for project loA2 ****
Info: Internal Builder is used for build
g++ -O0 -g3 -Wall -c -fmessage-length=0 -o "src\\loA2.o" "..\\src\\loA2.cpp" 
g++ -o loA2.exe "src\\loA2.o" 
Info: Nothing to build for loA2
14:05:55 **** Incremental Build of configuration Debug for project loA2 ****
Info: Internal Builder is used for build
g++ -O0 -g3 -Wall -c -fmessage-length=0 -o "src\\loA2.o" "..\\src\\loA2.cpp" 
g++ -o loA2.exe "src\\loA2.o" 
Info: Nothing to build for loA2
14:06:11 **** Incremental Build of configuration Debug for project loA2 ****
Info: Internal Builder is used for build
g++ -O0 -g3 -Wall -c -fmessage-length=0 -o "src\\loA2.o" "..\\src\\loA2.cpp" 
g++ -o loA2.exe "src\\loA2.o" 
Info: Nothing to build for loA2
14:06:21 **** Incremental Build of configuration Debug for project loA2 ****
Info: Internal Builder is used for build
g++ -O0 -g3 -Wall -c -fmessage-length=0 -o "src\\loA2.o" "..\\src\\loA2.cpp" 
g++ -o loA2.exe "src\\loA2.o" 
Info: Nothing to build for loA2
14:06:43 **** Incremental Build of configuration Debug for project loA2 ****
Info: Internal Builder is used for build
g++ -O0 -g3 -Wall -c -fmessage-length=0 -o "src\\loA2.o" "..\\src\\loA2.cpp" 
g++ -o loA2.exe "src\\loA2.o" 
Info: Nothing to build for loA2
14:07:07 **** Incremental Build of configuration Debug for project loA2 ****
Info: Internal Builder is used for build
g++ -O0 -g3 -Wall -c -fmessage-length=0 -o "src\\loA2.o" "..\\src\\loA2.cpp" 
g++ -o loA2.exe "src\\loA2.o" 
Info: Nothing to build for loA2
14:07:57 **** Incremental Build of configuration Debug for project loA2 ****
Info: Internal Builder is used for build
g++ -O0 -g3 -Wall -c -fmessage-length=0 -o "src\\loA2.o" "..\\src\\loA2.cpp" 
g++ -o loA2.exe "src\\loA2.o" 
Info: Nothing to build for loA2
14:09:07 **** Incremental Build of configuration Debug for project loA2 ****
Info: Internal Builder is used for build
g++ -O0 -g3 -Wall -c -fmessage-length=0 -o "src\\loA2.o" "..\\src\\loA2.cpp" 
g++ -o loA2.exe "src\\loA2.o" 
Info: Nothing to build for loA2
Info: Nothing to build for loA2
14:10:59 **** Incremental Build of configuration Debug for project loA2 ****
Info: Internal Builder is used for build
g++ -O0 -g3 -Wall -c -fmessage-length=0 -o "src\\loA2.o" "..\\src\\loA2.cpp" 
g++ -o loA2.exe "src\\loA2.o" 
14:18:17 **** Incremental Build of configuration Debug for project loA2 ****
Info: Internal Builder is used for build
g++ -O0 -g3 -Wall -c -fmessage-length=0 -o "src\\loA2.o" "..\\src\\loA2.cpp" 
..\src\loA2.cpp: In function 'int main()':
..\src\loA2.cpp:51:29: warning: 'height' may be used uninitialized in this function [-Wmaybe-uninitialized]
  double diagonal = sqrt( pow( height, 2) + pow( width, 2) );
                          ~~~^~~~~~~~~~~~
..\src\loA2.cpp:51:47: warning: 'width' may be used uninitialized in this function [-Wmaybe-uninitialized]
  double diagonal = sqrt( pow( height, 2) + pow( width, 2) );
                                            ~~~^~~~~~~~~~~
g++ -o loA2.exe "src\\loA2.o" 
Info: Nothing to build for loA2
14:19:43 **** Incremental Build of configuration Debug for project loA2 ****
Info: Internal Builder is used for build
g++ -O0 -g3 -Wall -c -fmessage-length=0 -o "src\\loA2.o" "..\\src\\loA2.cpp" 
g++ -o loA2.exe "src\\loA2.o" 
Info: Nothing to build for loA2
14:20:22 **** Incremental Build of configuration Debug for project loA2 ****
Info: Internal Builder is used for build
g++ -O0 -g3 -Wall -c -fmessage-length=0 -o "src\\loA2.o" "..\\src\\loA2.cpp" 
g++ -o loA2.exe "src\\loA2.o" 
Info: Nothing to build for loA2
14:20:43 **** Incremental Build of configuration Debug for project loA2 ****
Info: Internal Builder is used for build
g++ -O0 -g3 -Wall -c -fmessage-length=0 -o "src\\loA2.o" "..\\src\\loA2.cpp" 
g++ -o loA2.exe "src\\loA2.o" 
C:/Program Files/mingw-w64/x86_64-8.1.0-win32-seh-rt_v6-rev0/mingw64/bin/../lib/gcc/x86_64-w64-mingw32/8.1.0/../../../../x86_64-w64-mingw32/bin/ld.exe: cannot open output file loA2.exe: Permission denied
collect2.exe: error: ld returned 1 exit status
14:20:53 **** Incremental Build of configuration Debug for project loA2 ****
Info: Internal Builder is used for build
g++ -o loA2.exe "src\\loA2.o" 
C:/Program Files/mingw-w64/x86_64-8.1.0-win32-seh-rt_v6-rev0/mingw64/bin/../lib/gcc/x86_64-w64-mingw32/8.1.0/../../../../x86_64-w64-mingw32/bin/ld.exe: cannot open output file loA2.exe: Permission denied
collect2.exe: error: ld returned 1 exit status
14:21:29 **** Incremental Build of configuration Debug for project loA2 ****
Info: Internal Builder is used for build
g++ -o loA2.exe "src\\loA2.o" 
Info: Nothing to build for loA2
14:21:55 **** Incremental Build of configuration Debug for project loA2 ****
Info: Internal Builder is used for build
g++ -O0 -g3 -Wall -c -fmessage-length=0 -o "src\\loA2.o" "..\\src\\loA2.cpp" 
g++ -o loA2.exe "src\\loA2.o" 
Info: Nothing to build for loA2
14:22:57 **** Incremental Build of configuration Debug for project loA2 ****
Info: Internal Builder is used for build
g++ -O0 -g3 -Wall -c -fmessage-length=0 -o "src\\loA2.o" "..\\src\\loA2.cpp" 
g++ -o loA2.exe "src\\loA2.o" 
Info: Nothing to build for loA2
14:23:32 **** Incremental Build of configuration Debug for project loA2 ****
Info: Internal Builder is used for build
g++ -O0 -g3 -Wall -c -fmessage-length=0 -o "src\\loA2.o" "..\\src\\loA2.cpp" 
g++ -o loA2.exe "src\\loA2.o" 
14:32:12 **** Incremental Build of configuration Debug for project loA2 ****
Info: Internal Builder is used for build
g++ -O0 -g3 -Wall -c -fmessage-length=0 -o "src\\loA2.o" "..\\src\\loA2.cpp" 
..\src\loA2.cpp: In function 'int main()':
..\src\loA2.cpp:60:6: error: no match for 'operator<<' (operand types are 'std::istream' {aka 'std::basic_istream<char>'} and 'double')
  cin << gasCost
  ~~~~^~~~~~~~~~
In file included from C:/Program Files/mingw-w64/x86_64-8.1.0-win32-seh-rt_v6-rev0/mingw64/lib/gcc/x86_64-w64-mingw32/8.1.0/include/c++/string:52,
                 from C:/Program Files/mingw-w64/x86_64-8.1.0-win32-seh-rt_v6-rev0/mingw64/lib/gcc/x86_64-w64-mingw32/8.1.0/include/c++/bits/locale_classes.h:40,
                 from C:/Program Files/mingw-w64/x86_64-8.1.0-win32-seh-rt_v6-rev0/mingw64/lib/gcc/x86_64-w64-mingw32/8.1.0/include/c++/bits/ios_base.h:41,
                 from C:/Program Files/mingw-w64/x86_64-8.1.0-win32-seh-rt_v6-rev0/mingw64/lib/gcc/x86_64-w64-mingw32/8.1.0/include/c++/ios:42,
                 from C:/Program Files/mingw-w64/x86_64-8.1.0-win32-seh-rt_v6-rev0/mingw64/lib/gcc/x86_64-w64-mingw32/8.1.0/include/c++/ostream:38,
                 from C:/Program Files/mingw-w64/x86_64-8.1.0-win32-seh-rt_v6-rev0/mingw64/lib/gcc/x86_64-w64-mingw32/8.1.0/include/c++/iostream:39,
                 from ..\src\loA2.cpp:9:
C:/Program Files/mingw-w64/x86_64-8.1.0-win32-seh-rt_v6-rev0/mingw64/lib/gcc/x86_64-w64-mingw32/8.1.0/include/c++/bits/basic_string.h:6284:5: note: candidate: 'template<class _CharT, class _Traits, class _Alloc> std::basic_ostream<_CharT, _Traits>& std::operator<<(std::basic_ostream<_CharT, _Traits>&, const std::__cxx11::basic_string<_CharT, _Traits, _Alloc>&)'
     operator<<(basic_ostream<_CharT, _Traits>& __os,
     ^~~~~~~~
C:/Program Files/mingw-w64/x86_64-8.1.0-win32-seh-rt_v6-rev0/mingw64/lib/gcc/x86_64-w64-mingw32/8.1.0/include/c++/bits/basic_string.h:6284:5: note:   template argument deduction/substitution failed:
..\src\loA2.cpp:60:9: note:   'std::istream' {aka 'std::basic_istream<char>'} is not derived from 'std::basic_ostream<_CharT, _Traits>'
  cin << gasCost
         ^~~~~~~
In file included from C:/Program Files/mingw-w64/x86_64-8.1.0-win32-seh-rt_v6-rev0/mingw64/lib/gcc/x86_64-w64-mingw32/8.1.0/include/c++/bits/ios_base.h:46,
                 from C:/Program Files/mingw-w64/x86_64-8.1.0-win32-seh-rt_v6-rev0/mingw64/lib/gcc/x86_64-w64-mingw32/8.1.0/include/c++/ios:42,
                 from C:/Program Files/mingw-w64/x86_64-8.1.0-win32-seh-rt_v6-rev0/mingw64/lib/gcc/x86_64-w64-mingw32/8.1.0/include/c++/ostream:38,
                 from C:/Program Files/mingw-w64/x86_64-8.1.0-win32-seh-rt_v6-rev0/mingw64/lib/gcc/x86_64-w64-mingw32/8.1.0/include/c++/iostream:39,
                 from ..\src\loA2.cpp:9:
C:/Program Files/mingw-w64/x86_64-8.1.0-win32-seh-rt_v6-rev0/mingw64/lib/gcc/x86_64-w64-mingw32/8.1.0/include/c++/system_error:217:5: note: candidate: 'template<class _CharT, class _Traits> std::basic_ostream<_CharT, _Traits>& std::operator<<(std::basic_ostream<_CharT, _Traits>&, const std::error_code&)'
     operator<<(basic_ostream<_CharT, _Traits>& __os, const error_code& __e)
     ^~~~~~~~
C:/Program Files/mingw-w64/x86_64-8.1.0-win32-seh-rt_v6-rev0/mingw64/lib/gcc/x86_64-w64-mingw32/8.1.0/include/c++/system_error:217:5: note:   template argument deduction/substitution failed:
..\src\loA2.cpp:60:9: note:   'std::istream' {aka 'std::basic_istream<char>'} is not derived from 'std::basic_ostream<_CharT, _Traits>'
  cin << gasCost
         ^~~~~~~
In file included from C:/Program Files/mingw-w64/x86_64-8.1.0-win32-seh-rt_v6-rev0/mingw64/lib/gcc/x86_64-w64-mingw32/8.1.0/include/c++/iostream:39,
                 from ..\src\loA2.cpp:9:
C:/Program Files/mingw-w64/x86_64-8.1.0-win32-seh-rt_v6-rev0/mingw64/lib/gcc/x86_64-w64-mingw32/8.1.0/include/c++/ostream:497:5: note: candidate: 'template<class _CharT, class _Traits> std::basic_ostream<_CharT, _Traits>& std::operator<<(std::basic_ostream<_CharT, _Traits>&, _CharT)'
     operator<<(basic_ostream<_CharT, _Traits>& __out, _CharT __c)
     ^~~~~~~~
C:/Program Files/mingw-w64/x86_64-8.1.0-win32-seh-rt_v6-rev0/mingw64/lib/gcc/x86_64-w64-mingw32/8.1.0/include/c++/ostream:497:5: note:   template argument deduction/substitution failed:
..\src\loA2.cpp:60:9: note:   'std::istream' {aka 'std::basic_istream<char>'} is not derived from 'std::basic_ostream<_CharT, _Traits>'
  cin << gasCost
         ^~~~~~~
In file included from C:/Program Files/mingw-w64/x86_64-8.1.0-win32-seh-rt_v6-rev0/mingw64/lib/gcc/x86_64-w64-mingw32/8.1.0/include/c++/iostream:39,
                 from ..\src\loA2.cpp:9:
C:/Program Files/mingw-w64/x86_64-8.1.0-win32-seh-rt_v6-rev0/mingw64/lib/gcc/x86_64-w64-mingw32/8.1.0/include/c++/ostream:502:5: note: candidate: 'template<class _CharT, class _Traits> std::basic_ostream<_CharT, _Traits>& std::operator<<(std::basic_ostream<_CharT, _Traits>&, char)'
     operator<<(basic_ostream<_CharT, _Traits>& __out, char __c)
     ^~~~~~~~
C:/Program Files/mingw-w64/x86_64-8.1.0-win32-seh-rt_v6-rev0/mingw64/lib/gcc/x86_64-w64-mingw32/8.1.0/include/c++/ostream:502:5: note:   template argument deduction/substitution failed:
..\src\loA2.cpp:60:9: note:   'std::istream' {aka 'std::basic_istream<char>'} is not derived from 'std::basic_ostream<_CharT, _Traits>'
  cin << gasCost
         ^~~~~~~
In file included from C:/Program Files/mingw-w64/x86_64-8.1.0-win32-seh-rt_v6-rev0/mingw64/lib/gcc/x86_64-w64-mingw32/8.1.0/include/c++/iostream:39,
                 from ..\src\loA2.cpp:9:
C:/Program Files/mingw-w64/x86_64-8.1.0-win32-seh-rt_v6-rev0/mingw64/lib/gcc/x86_64-w64-mingw32/8.1.0/include/c++/ostream:508:5: note: candidate: 'template<class _Traits> std::basic_ostream<char, _Traits>& std::operator<<(std::basic_ostream<char, _Traits>&, char)'
     operator<<(basic_ostream<char, _Traits>& __out, char __c)
     ^~~~~~~~
C:/Program Files/mingw-w64/x86_64-8.1.0-win32-seh-rt_v6-rev0/mingw64/lib/gcc/x86_64-w64-mingw32/8.1.0/include/c++/ostream:508:5: note:   template argument deduction/substitution failed:
..\src\loA2.cpp:60:9: note:   'std::istream' {aka 'std::basic_istream<char>'} is not derived from 'std::basic_ostream<char, _Traits>'
  cin << gasCost
         ^~~~~~~
In file included from C:/Program Files/mingw-w64/x86_64-8.1.0-win32-seh-rt_v6-rev0/mingw64/lib/gcc/x86_64-w64-mingw32/8.1.0/include/c++/iostream:39,
                 from ..\src\loA2.cpp:9:
C:/Program Files/mingw-w64/x86_64-8.1.0-win32-seh-rt_v6-rev0/mingw64/lib/gcc/x86_64-w64-mingw32/8.1.0/include/c++/ostream:514:5: note: candidate: 'template<class _Traits> std::basic_ostream<char, _Traits>& std::operator<<(std::basic_ostream<char, _Traits>&, signed char)'
     operator<<(basic_ostream<char, _Traits>& __out, signed char __c)
     ^~~~~~~~
C:/Program Files/mingw-w64/x86_64-8.1.0-win32-seh-rt_v6-rev0/mingw64/lib/gcc/x86_64-w64-mingw32/8.1.0/include/c++/ostream:514:5: note:   template argument deduction/substitution failed:
..\src\loA2.cpp:60:9: note:   'std::istream' {aka 'std::basic_istream<char>'} is not derived from 'std::basic_ostream<char, _Traits>'
  cin << gasCost
         ^~~~~~~
In file included from C:/Program Files/mingw-w64/x86_64-8.1.0-win32-seh-rt_v6-rev0/mingw64/lib/gcc/x86_64-w64-mingw32/8.1.0/include/c++/iostream:39,
                 from ..\src\loA2.cpp:9:
C:/Program Files/mingw-w64/x86_64-8.1.0-win32-seh-rt_v6-rev0/mingw64/lib/gcc/x86_64-w64-mingw32/8.1.0/include/c++/ostream:519:5: note: candidate: 'template<class _Traits> std::basic_ostream<char, _Traits>& std::operator<<(std::basic_ostream<char, _Traits>&, unsigned char)'
     operator<<(basic_ostream<char, _Traits>& __out, unsigned char __c)
     ^~~~~~~~
C:/Program Files/mingw-w64/x86_64-8.1.0-win32-seh-rt_v6-rev0/mingw64/lib/gcc/x86_64-w64-mingw32/8.1.0/include/c++/ostream:519:5: note:   template argument deduction/substitution failed:
..\src\loA2.cpp:60:9: note:   'std::istream' {aka 'std::basic_istream<char>'} is not derived from 'std::basic_ostream<char, _Traits>'
  cin << gasCost
         ^~~~~~~
In file included from C:/Program Files/mingw-w64/x86_64-8.1.0-win32-seh-rt_v6-rev0/mingw64/lib/gcc/x86_64-w64-mingw32/8.1.0/include/c++/iostream:39,
                 from ..\src\loA2.cpp:9:
C:/Program Files/mingw-w64/x86_64-8.1.0-win32-seh-rt_v6-rev0/mingw64/lib/gcc/x86_64-w64-mingw32/8.1.0/include/c++/ostream:539:5: note: candidate: 'template<class _CharT, class _Traits> std::basic_ostream<_CharT, _Traits>& std::operator<<(std::basic_ostream<_CharT, _Traits>&, const _CharT*)'
     operator<<(basic_ostream<_CharT, _Traits>& __out, const _CharT* __s)
     ^~~~~~~~
C:/Program Files/mingw-w64/x86_64-8.1.0-win32-seh-rt_v6-rev0/mingw64/lib/gcc/x86_64-w64-mingw32/8.1.0/include/c++/ostream:539:5: note:   template argument deduction/substitution failed:
..\src\loA2.cpp:60:9: note:   'std::istream' {aka 'std::basic_istream<char>'} is not derived from 'std::basic_ostream<_CharT, _Traits>'
  cin << gasCost
         ^~~~~~~
In file included from C:/Program Files/mingw-w64/x86_64-8.1.0-win32-seh-rt_v6-rev0/mingw64/lib/gcc/x86_64-w64-mingw32/8.1.0/include/c++/ostream:693,
                 from C:/Program Files/mingw-w64/x86_64-8.1.0-win32-seh-rt_v6-rev0/mingw64/lib/gcc/x86_64-w64-mingw32/8.1.0/include/c++/iostream:39,
                 from ..\src\loA2.cpp:9:
C:/Program Files/mingw-w64/x86_64-8.1.0-win32-seh-rt_v6-rev0/mingw64/lib/gcc/x86_64-w64-mingw32/8.1.0/include/c++/bits/ostream.tcc:321:5: note: candidate: 'template<class _CharT, class _Traits> std::basic_ostream<_CharT, _Traits>& std::operator<<(std::basic_ostream<_CharT, _Traits>&, const char*)'
     operator<<(basic_ostream<_CharT, _Traits>& __out, const char* __s)
     ^~~~~~~~
C:/Program Files/mingw-w64/x86_64-8.1.0-win32-seh-rt_v6-rev0/mingw64/lib/gcc/x86_64-w64-mingw32/8.1.0/include/c++/bits/ostream.tcc:321:5: note:   template argument deduction/substitution failed:
..\src\loA2.cpp:60:9: note:   'std::istream' {aka 'std::basic_istream<char>'} is not derived from 'std::basic_ostream<_CharT, _Traits>'
  cin << gasCost
         ^~~~~~~
In file included from C:/Program Files/mingw-w64/x86_64-8.1.0-win32-seh-rt_v6-rev0/mingw64/lib/gcc/x86_64-w64-mingw32/8.1.0/include/c++/iostream:39,
                 from ..\src\loA2.cpp:9:
C:/Program Files/mingw-w64/x86_64-8.1.0-win32-seh-rt_v6-rev0/mingw64/lib/gcc/x86_64-w64-mingw32/8.1.0/include/c++/ostream:556:5: note: candidate: 'template<class _Traits> std::basic_ostream<char, _Traits>& std::operator<<(std::basic_ostream<char, _Traits>&, const char*)'
     operator<<(basic_ostream<char, _Traits>& __out, const char* __s)
     ^~~~~~~~
C:/Program Files/mingw-w64/x86_64-8.1.0-win32-seh-rt_v6-rev0/mingw64/lib/gcc/x86_64-w64-mingw32/8.1.0/include/c++/ostream:556:5: note:   template argument deduction/substitution failed:
..\src\loA2.cpp:60:9: note:   'std::istream' {aka 'std::basic_istream<char>'} is not derived from 'std::basic_ostream<char, _Traits>'
  cin << gasCost
         ^~~~~~~
In file included from C:/Program Files/mingw-w64/x86_64-8.1.0-win32-seh-rt_v6-rev0/mingw64/lib/gcc/x86_64-w64-mingw32/8.1.0/include/c++/iostream:39,
                 from ..\src\loA2.cpp:9:
C:/Program Files/mingw-w64/x86_64-8.1.0-win32-seh-rt_v6-rev0/mingw64/lib/gcc/x86_64-w64-mingw32/8.1.0/include/c++/ostream:569:5: note: candidate: 'template<class _Traits> std::basic_ostream<char, _Traits>& std::operator<<(std::basic_ostream<char, _Traits>&, const signed char*)'
     operator<<(basic_ostream<char, _Traits>& __out, const signed char* __s)
     ^~~~~~~~
C:/Program Files/mingw-w64/x86_64-8.1.0-win32-seh-rt_v6-rev0/mingw64/lib/gcc/x86_64-w64-mingw32/8.1.0/include/c++/ostream:569:5: note:   template argument deduction/substitution failed:
..\src\loA2.cpp:60:9: note:   'std::istream' {aka 'std::basic_istream<char>'} is not derived from 'std::basic_ostream<char, _Traits>'
  cin << gasCost
         ^~~~~~~
In file included from C:/Program Files/mingw-w64/x86_64-8.1.0-win32-seh-rt_v6-rev0/mingw64/lib/gcc/x86_64-w64-mingw32/8.1.0/include/c++/iostream:39,
                 from ..\src\loA2.cpp:9:
C:/Program Files/mingw-w64/x86_64-8.1.0-win32-seh-rt_v6-rev0/mingw64/lib/gcc/x86_64-w64-mingw32/8.1.0/include/c++/ostream:574:5: note: candidate: 'template<class _Traits> std::basic_ostream<char, _Traits>& std::operator<<(std::basic_ostream<char, _Traits>&, const unsigned char*)'
     operator<<(basic_ostream<char, _Traits>& __out, const unsigned char* __s)
     ^~~~~~~~
C:/Program Files/mingw-w64/x86_64-8.1.0-win32-seh-rt_v6-rev0/mingw64/lib/gcc/x86_64-w64-mingw32/8.1.0/include/c++/ostream:574:5: note:   template argument deduction/substitution failed:
..\src\loA2.cpp:60:9: note:   'std::istream' {aka 'std::basic_istream<char>'} is not derived from 'std::basic_ostream<char, _Traits>'
  cin << gasCost
         ^~~~~~~
In file included from C:/Program Files/mingw-w64/x86_64-8.1.0-win32-seh-rt_v6-rev0/mingw64/lib/gcc/x86_64-w64-mingw32/8.1.0/include/c++/iostream:39,
                 from ..\src\loA2.cpp:9:
C:/Program Files/mingw-w64/x86_64-8.1.0-win32-seh-rt_v6-rev0/mingw64/lib/gcc/x86_64-w64-mingw32/8.1.0/include/c++/ostream:682:5: note: candidate: 'template<class _Ostream, class _Tp> typename std::enable_if<std::__and_<std::__not_<std::is_lvalue_reference<_Tp> >, std::__is_convertible_to_basic_ostream<_Ostream>, std::__is_insertable<typename std::__is_convertible_to_basic_ostream<_Tp>::__ostream_type, const _Tp&, void> >::value, typename std::__is_convertible_to_basic_ostream<_Tp>::__ostream_type>::type std::operator<<(_Ostream&&, const _Tp&)'
     operator<<(_Ostream&& __os, const _Tp& __x)
     ^~~~~~~~
C:/Program Files/mingw-w64/x86_64-8.1.0-win32-seh-rt_v6-rev0/mingw64/lib/gcc/x86_64-w64-mingw32/8.1.0/include/c++/ostream:682:5: note:   template argument deduction/substitution failed:
C:/Program Files/mingw-w64/x86_64-8.1.0-win32-seh-rt_v6-rev0/mingw64/lib/gcc/x86_64-w64-mingw32/8.1.0/include/c++/ostream: In substitution of 'template<class _Ostream, class _Tp> typename std::enable_if<std::__and_<std::__not_<std::is_lvalue_reference<_Tp> >, std::__is_convertible_to_basic_ostream<_Ostream>, std::__is_insertable<typename std::__is_convertible_to_basic_ostream<_Tp>::__ostream_type, const _Tp&, void> >::value, typename std::__is_convertible_to_basic_ostream<_Tp>::__ostream_type>::type std::operator<<(_Ostream&&, const _Tp&) [with _Ostream = std::basic_istream<char>&; _Tp = double]':
..\src\loA2.cpp:60:9:   required from here
C:/Program Files/mingw-w64/x86_64-8.1.0-win32-seh-rt_v6-rev0/mingw64/lib/gcc/x86_64-w64-mingw32/8.1.0/include/c++/ostream:682:5: error: no type named 'type' in 'struct std::enable_if<false, void>'
In file included from ..\src\loA2.cpp:10:
C:/Program Files/mingw-w64/x86_64-8.1.0-win32-seh-rt_v6-rev0/mingw64/lib/gcc/x86_64-w64-mingw32/8.1.0/include/c++/iomanip:79:5: note: candidate: 'template<class _CharT, class _Traits> std::basic_ostream<_CharT, _Traits>& std::operator<<(std::basic_ostream<_CharT, _Traits>&, std::_Resetiosflags)'
     operator<<(basic_ostream<_CharT, _Traits>& __os, _Resetiosflags __f)
     ^~~~~~~~
C:/Program Files/mingw-w64/x86_64-8.1.0-win32-seh-rt_v6-rev0/mingw64/lib/gcc/x86_64-w64-mingw32/8.1.0/include/c++/iomanip:79:5: note:   template argument deduction/substitution failed:
..\src\loA2.cpp:60:9: note:   'std::istream' {aka 'std::basic_istream<char>'} is not derived from 'std::basic_ostream<_CharT, _Traits>'
  cin << gasCost
         ^~~~~~~
In file included from ..\src\loA2.cpp:10:
C:/Program Files/mingw-w64/x86_64-8.1.0-win32-seh-rt_v6-rev0/mingw64/lib/gcc/x86_64-w64-mingw32/8.1.0/include/c++/iomanip:109:5: note: candidate: 'template<class _CharT, class _Traits> std::basic_ostream<_CharT, _Traits>& std::operator<<(std::basic_ostream<_CharT, _Traits>&, std::_Setiosflags)'
     operator<<(basic_ostream<_CharT, _Traits>& __os, _Setiosflags __f)
     ^~~~~~~~
C:/Program Files/mingw-w64/x86_64-8.1.0-win32-seh-rt_v6-rev0/mingw64/lib/gcc/x86_64-w64-mingw32/8.1.0/include/c++/iomanip:109:5: note:   template argument deduction/substitution failed:
..\src\loA2.cpp:60:9: note:   'std::istream' {aka 'std::basic_istream<char>'} is not derived from 'std::basic_ostream<_CharT, _Traits>'
  cin << gasCost
         ^~~~~~~
In file included from ..\src\loA2.cpp:10:
C:/Program Files/mingw-w64/x86_64-8.1.0-win32-seh-rt_v6-rev0/mingw64/lib/gcc/x86_64-w64-mingw32/8.1.0/include/c++/iomanip:143:5: note: candidate: 'template<class _CharT, class _Traits> std::basic_ostream<_CharT, _Traits>& std::operator<<(std::basic_ostream<_CharT, _Traits>&, std::_Setbase)'
     operator<<(basic_ostream<_CharT, _Traits>& __os, _Setbase __f)
     ^~~~~~~~
C:/Program Files/mingw-w64/x86_64-8.1.0-win32-seh-rt_v6-rev0/mingw64/lib/gcc/x86_64-w64-mingw32/8.1.0/include/c++/iomanip:143:5: note:   template argument deduction/substitution failed:
..\src\loA2.cpp:60:9: note:   'std::istream' {aka 'std::basic_istream<char>'} is not derived from 'std::basic_ostream<_CharT, _Traits>'
  cin << gasCost
         ^~~~~~~
In file included from ..\src\loA2.cpp:10:
C:/Program Files/mingw-w64/x86_64-8.1.0-win32-seh-rt_v6-rev0/mingw64/lib/gcc/x86_64-w64-mingw32/8.1.0/include/c++/iomanip:178:5: note: candidate: 'template<class _CharT, class _Traits> std::basic_ostream<_CharT, _Traits>& std::operator<<(std::basic_ostream<_CharT, _Traits>&, std::_Setfill<_CharT>)'
     operator<<(basic_ostream<_CharT, _Traits>& __os, _Setfill<_CharT> __f)
     ^~~~~~~~
C:/Program Files/mingw-w64/x86_64-8.1.0-win32-seh-rt_v6-rev0/mingw64/lib/gcc/x86_64-w64-mingw32/8.1.0/include/c++/iomanip:178:5: note:   template argument deduction/substitution failed:
..\src\loA2.cpp:60:9: note:   'std::istream' {aka 'std::basic_istream<char>'} is not derived from 'std::basic_ostream<_CharT, _Traits>'
  cin << gasCost
         ^~~~~~~
In file included from ..\src\loA2.cpp:10:
C:/Program Files/mingw-w64/x86_64-8.1.0-win32-seh-rt_v6-rev0/mingw64/lib/gcc/x86_64-w64-mingw32/8.1.0/include/c++/iomanip:208:5: note: candidate: 'template<class _CharT, class _Traits> std::basic_ostream<_CharT, _Traits>& std::operator<<(std::basic_ostream<_CharT, _Traits>&, std::_Setprecision)'
     operator<<(basic_ostream<_CharT, _Traits>& __os, _Setprecision __f)
     ^~~~~~~~
C:/Program Files/mingw-w64/x86_64-8.1.0-win32-seh-rt_v6-rev0/mingw64/lib/gcc/x86_64-w64-mingw32/8.1.0/include/c++/iomanip:208:5: note:   template argument deduction/substitution failed:
..\src\loA2.cpp:60:9: note:   'std::istream' {aka 'std::basic_istream<char>'} is not derived from 'std::basic_ostream<_CharT, _Traits>'
  cin << gasCost
         ^~~~~~~
In file included from ..\src\loA2.cpp:10:
C:/Program Files/mingw-w64/x86_64-8.1.0-win32-seh-rt_v6-rev0/mingw64/lib/gcc/x86_64-w64-mingw32/8.1.0/include/c++/iomanip:238:5: note: candidate: 'template<class _CharT, class _Traits> std::basic_ostream<_CharT, _Traits>& std::operator<<(std::basic_ostream<_CharT, _Traits>&, std::_Setw)'
     operator<<(basic_ostream<_CharT, _Traits>& __os, _Setw __f)
     ^~~~~~~~
C:/Program Files/mingw-w64/x86_64-8.1.0-win32-seh-rt_v6-rev0/mingw64/lib/gcc/x86_64-w64-mingw32/8.1.0/include/c++/iomanip:238:5: note:   template argument deduction/substitution failed:
..\src\loA2.cpp:60:9: note:   'std::istream' {aka 'std::basic_istream<char>'} is not derived from 'std::basic_ostream<_CharT, _Traits>'
  cin << gasCost
         ^~~~~~~
In file included from ..\src\loA2.cpp:10:
C:/Program Files/mingw-w64/x86_64-8.1.0-win32-seh-rt_v6-rev0/mingw64/lib/gcc/x86_64-w64-mingw32/8.1.0/include/c++/iomanip:311:5: note: candidate: 'template<class _CharT, class _Traits, class _MoneyT> std::basic_ostream<_CharT, _Traits>& std::operator<<(std::basic_ostream<_CharT, _Traits>&, std::_Put_money<_MoneyT>)'
     operator<<(basic_ostream<_CharT, _Traits>& __os, _Put_money<_MoneyT> __f)
     ^~~~~~~~
C:/Program Files/mingw-w64/x86_64-8.1.0-win32-seh-rt_v6-rev0/mingw64/lib/gcc/x86_64-w64-mingw32/8.1.0/include/c++/iomanip:311:5: note:   template argument deduction/substitution failed:
..\src\loA2.cpp:60:9: note:   'std::istream' {aka 'std::basic_istream<char>'} is not derived from 'std::basic_ostream<_CharT, _Traits>'
  cin << gasCost
         ^~~~~~~
In file included from ..\src\loA2.cpp:10:
C:/Program Files/mingw-w64/x86_64-8.1.0-win32-seh-rt_v6-rev0/mingw64/lib/gcc/x86_64-w64-mingw32/8.1.0/include/c++/iomanip:363:5: note: candidate: 'template<class _CharT, class _Traits> std::basic_ostream<_CharT, _Traits>& std::operator<<(std::basic_ostream<_CharT, _Traits>&, std::_Put_time<_CharT>)'
     operator<<(basic_ostream<_CharT, _Traits>& __os, _Put_time<_CharT> __f)
     ^~~~~~~~
C:/Program Files/mingw-w64/x86_64-8.1.0-win32-seh-rt_v6-rev0/mingw64/lib/gcc/x86_64-w64-mingw32/8.1.0/include/c++/iomanip:363:5: note:   template argument deduction/substitution failed:
..\src\loA2.cpp:60:9: note:   'std::istream' {aka 'std::basic_istream<char>'} is not derived from 'std::basic_ostream<_CharT, _Traits>'
  cin << gasCost
         ^~~~~~~
..\src\loA2.cpp:58:18: warning: unused variable 'milesDriven' [-Wunused-variable]
  double gasCost, milesDriven;
                  ^~~~~~~~~~~
14:32:16 **** Incremental Build of configuration Debug for project loA2 ****
Info: Internal Builder is used for build
g++ -O0 -g3 -Wall -c -fmessage-length=0 -o "src\\loA2.o" "..\\src\\loA2.cpp" 
..\src\loA2.cpp: In function 'int main()':
..\src\loA2.cpp:60:6: error: no match for 'operator<<' (operand types are 'std::istream' {aka 'std::basic_istream<char>'} and 'double')
  cin << gasCost
  ~~~~^~~~~~~~~~
In file included from C:/Program Files/mingw-w64/x86_64-8.1.0-win32-seh-rt_v6-rev0/mingw64/lib/gcc/x86_64-w64-mingw32/8.1.0/include/c++/string:52,
                 from C:/Program Files/mingw-w64/x86_64-8.1.0-win32-seh-rt_v6-rev0/mingw64/lib/gcc/x86_64-w64-mingw32/8.1.0/include/c++/bits/locale_classes.h:40,
                 from C:/Program Files/mingw-w64/x86_64-8.1.0-win32-seh-rt_v6-rev0/mingw64/lib/gcc/x86_64-w64-mingw32/8.1.0/include/c++/bits/ios_base.h:41,
                 from C:/Program Files/mingw-w64/x86_64-8.1.0-win32-seh-rt_v6-rev0/mingw64/lib/gcc/x86_64-w64-mingw32/8.1.0/include/c++/ios:42,
                 from C:/Program Files/mingw-w64/x86_64-8.1.0-win32-seh-rt_v6-rev0/mingw64/lib/gcc/x86_64-w64-mingw32/8.1.0/include/c++/ostream:38,
                 from C:/Program Files/mingw-w64/x86_64-8.1.0-win32-seh-rt_v6-rev0/mingw64/lib/gcc/x86_64-w64-mingw32/8.1.0/include/c++/iostream:39,
                 from ..\src\loA2.cpp:9:
C:/Program Files/mingw-w64/x86_64-8.1.0-win32-seh-rt_v6-rev0/mingw64/lib/gcc/x86_64-w64-mingw32/8.1.0/include/c++/bits/basic_string.h:6284:5: note: candidate: 'template<class _CharT, class _Traits, class _Alloc> std::basic_ostream<_CharT, _Traits>& std::operator<<(std::basic_ostream<_CharT, _Traits>&, const std::__cxx11::basic_string<_CharT, _Traits, _Alloc>&)'
     operator<<(basic_ostream<_CharT, _Traits>& __os,
     ^~~~~~~~
C:/Program Files/mingw-w64/x86_64-8.1.0-win32-seh-rt_v6-rev0/mingw64/lib/gcc/x86_64-w64-mingw32/8.1.0/include/c++/bits/basic_string.h:6284:5: note:   template argument deduction/substitution failed:
..\src\loA2.cpp:60:9: note:   'std::istream' {aka 'std::basic_istream<char>'} is not derived from 'std::basic_ostream<_CharT, _Traits>'
  cin << gasCost
         ^~~~~~~
In file included from C:/Program Files/mingw-w64/x86_64-8.1.0-win32-seh-rt_v6-rev0/mingw64/lib/gcc/x86_64-w64-mingw32/8.1.0/include/c++/bits/ios_base.h:46,
                 from C:/Program Files/mingw-w64/x86_64-8.1.0-win32-seh-rt_v6-rev0/mingw64/lib/gcc/x86_64-w64-mingw32/8.1.0/include/c++/ios:42,
                 from C:/Program Files/mingw-w64/x86_64-8.1.0-win32-seh-rt_v6-rev0/mingw64/lib/gcc/x86_64-w64-mingw32/8.1.0/include/c++/ostream:38,
                 from C:/Program Files/mingw-w64/x86_64-8.1.0-win32-seh-rt_v6-rev0/mingw64/lib/gcc/x86_64-w64-mingw32/8.1.0/include/c++/iostream:39,
                 from ..\src\loA2.cpp:9:
C:/Program Files/mingw-w64/x86_64-8.1.0-win32-seh-rt_v6-rev0/mingw64/lib/gcc/x86_64-w64-mingw32/8.1.0/include/c++/system_error:217:5: note: candidate: 'template<class _CharT, class _Traits> std::basic_ostream<_CharT, _Traits>& std::operator<<(std::basic_ostream<_CharT, _Traits>&, const std::error_code&)'
     operator<<(basic_ostream<_CharT, _Traits>& __os, const error_code& __e)
     ^~~~~~~~
C:/Program Files/mingw-w64/x86_64-8.1.0-win32-seh-rt_v6-rev0/mingw64/lib/gcc/x86_64-w64-mingw32/8.1.0/include/c++/system_error:217:5: note:   template argument deduction/substitution failed:
..\src\loA2.cpp:60:9: note:   'std::istream' {aka 'std::basic_istream<char>'} is not derived from 'std::basic_ostream<_CharT, _Traits>'
  cin << gasCost
         ^~~~~~~
In file included from C:/Program Files/mingw-w64/x86_64-8.1.0-win32-seh-rt_v6-rev0/mingw64/lib/gcc/x86_64-w64-mingw32/8.1.0/include/c++/iostream:39,
                 from ..\src\loA2.cpp:9:
C:/Program Files/mingw-w64/x86_64-8.1.0-win32-seh-rt_v6-rev0/mingw64/lib/gcc/x86_64-w64-mingw32/8.1.0/include/c++/ostream:497:5: note: candidate: 'template<class _CharT, class _Traits> std::basic_ostream<_CharT, _Traits>& std::operator<<(std::basic_ostream<_CharT, _Traits>&, _CharT)'
     operator<<(basic_ostream<_CharT, _Traits>& __out, _CharT __c)
     ^~~~~~~~
C:/Program Files/mingw-w64/x86_64-8.1.0-win32-seh-rt_v6-rev0/mingw64/lib/gcc/x86_64-w64-mingw32/8.1.0/include/c++/ostream:497:5: note:   template argument deduction/substitution failed:
..\src\loA2.cpp:60:9: note:   'std::istream' {aka 'std::basic_istream<char>'} is not derived from 'std::basic_ostream<_CharT, _Traits>'
  cin << gasCost
         ^~~~~~~
In file included from C:/Program Files/mingw-w64/x86_64-8.1.0-win32-seh-rt_v6-rev0/mingw64/lib/gcc/x86_64-w64-mingw32/8.1.0/include/c++/iostream:39,
                 from ..\src\loA2.cpp:9:
C:/Program Files/mingw-w64/x86_64-8.1.0-win32-seh-rt_v6-rev0/mingw64/lib/gcc/x86_64-w64-mingw32/8.1.0/include/c++/ostream:502:5: note: candidate: 'template<class _CharT, class _Traits> std::basic_ostream<_CharT, _Traits>& std::operator<<(std::basic_ostream<_CharT, _Traits>&, char)'
     operator<<(basic_ostream<_CharT, _Traits>& __out, char __c)
     ^~~~~~~~
C:/Program Files/mingw-w64/x86_64-8.1.0-win32-seh-rt_v6-rev0/mingw64/lib/gcc/x86_64-w64-mingw32/8.1.0/include/c++/ostream:502:5: note:   template argument deduction/substitution failed:
..\src\loA2.cpp:60:9: note:   'std::istream' {aka 'std::basic_istream<char>'} is not derived from 'std::basic_ostream<_CharT, _Traits>'
  cin << gasCost
         ^~~~~~~
In file included from C:/Program Files/mingw-w64/x86_64-8.1.0-win32-seh-rt_v6-rev0/mingw64/lib/gcc/x86_64-w64-mingw32/8.1.0/include/c++/iostream:39,
                 from ..\src\loA2.cpp:9:
C:/Program Files/mingw-w64/x86_64-8.1.0-win32-seh-rt_v6-rev0/mingw64/lib/gcc/x86_64-w64-mingw32/8.1.0/include/c++/ostream:508:5: note: candidate: 'template<class _Traits> std::basic_ostream<char, _Traits>& std::operator<<(std::basic_ostream<char, _Traits>&, char)'
     operator<<(basic_ostream<char, _Traits>& __out, char __c)
     ^~~~~~~~
C:/Program Files/mingw-w64/x86_64-8.1.0-win32-seh-rt_v6-rev0/mingw64/lib/gcc/x86_64-w64-mingw32/8.1.0/include/c++/ostream:508:5: note:   template argument deduction/substitution failed:
..\src\loA2.cpp:60:9: note:   'std::istream' {aka 'std::basic_istream<char>'} is not derived from 'std::basic_ostream<char, _Traits>'
  cin << gasCost
         ^~~~~~~
In file included from C:/Program Files/mingw-w64/x86_64-8.1.0-win32-seh-rt_v6-rev0/mingw64/lib/gcc/x86_64-w64-mingw32/8.1.0/include/c++/iostream:39,
                 from ..\src\loA2.cpp:9:
C:/Program Files/mingw-w64/x86_64-8.1.0-win32-seh-rt_v6-rev0/mingw64/lib/gcc/x86_64-w64-mingw32/8.1.0/include/c++/ostream:514:5: note: candidate: 'template<class _Traits> std::basic_ostream<char, _Traits>& std::operator<<(std::basic_ostream<char, _Traits>&, signed char)'
     operator<<(basic_ostream<char, _Traits>& __out, signed char __c)
     ^~~~~~~~
C:/Program Files/mingw-w64/x86_64-8.1.0-win32-seh-rt_v6-rev0/mingw64/lib/gcc/x86_64-w64-mingw32/8.1.0/include/c++/ostream:514:5: note:   template argument deduction/substitution failed:
..\src\loA2.cpp:60:9: note:   'std::istream' {aka 'std::basic_istream<char>'} is not derived from 'std::basic_ostream<char, _Traits>'
  cin << gasCost
         ^~~~~~~
In file included from C:/Program Files/mingw-w64/x86_64-8.1.0-win32-seh-rt_v6-rev0/mingw64/lib/gcc/x86_64-w64-mingw32/8.1.0/include/c++/iostream:39,
                 from ..\src\loA2.cpp:9:
C:/Program Files/mingw-w64/x86_64-8.1.0-win32-seh-rt_v6-rev0/mingw64/lib/gcc/x86_64-w64-mingw32/8.1.0/include/c++/ostream:519:5: note: candidate: 'template<class _Traits> std::basic_ostream<char, _Traits>& std::operator<<(std::basic_ostream<char, _Traits>&, unsigned char)'
     operator<<(basic_ostream<char, _Traits>& __out, unsigned char __c)
     ^~~~~~~~
C:/Program Files/mingw-w64/x86_64-8.1.0-win32-seh-rt_v6-rev0/mingw64/lib/gcc/x86_64-w64-mingw32/8.1.0/include/c++/ostream:519:5: note:   template argument deduction/substitution failed:
..\src\loA2.cpp:60:9: note:   'std::istream' {aka 'std::basic_istream<char>'} is not derived from 'std::basic_ostream<char, _Traits>'
  cin << gasCost
         ^~~~~~~
In file included from C:/Program Files/mingw-w64/x86_64-8.1.0-win32-seh-rt_v6-rev0/mingw64/lib/gcc/x86_64-w64-mingw32/8.1.0/include/c++/iostream:39,
                 from ..\src\loA2.cpp:9:
C:/Program Files/mingw-w64/x86_64-8.1.0-win32-seh-rt_v6-rev0/mingw64/lib/gcc/x86_64-w64-mingw32/8.1.0/include/c++/ostream:539:5: note: candidate: 'template<class _CharT, class _Traits> std::basic_ostream<_CharT, _Traits>& std::operator<<(std::basic_ostream<_CharT, _Traits>&, const _CharT*)'
     operator<<(basic_ostream<_CharT, _Traits>& __out, const _CharT* __s)
     ^~~~~~~~
C:/Program Files/mingw-w64/x86_64-8.1.0-win32-seh-rt_v6-rev0/mingw64/lib/gcc/x86_64-w64-mingw32/8.1.0/include/c++/ostream:539:5: note:   template argument deduction/substitution failed:
..\src\loA2.cpp:60:9: note:   'std::istream' {aka 'std::basic_istream<char>'} is not derived from 'std::basic_ostream<_CharT, _Traits>'
  cin << gasCost
         ^~~~~~~
In file included from C:/Program Files/mingw-w64/x86_64-8.1.0-win32-seh-rt_v6-rev0/mingw64/lib/gcc/x86_64-w64-mingw32/8.1.0/include/c++/ostream:693,
                 from C:/Program Files/mingw-w64/x86_64-8.1.0-win32-seh-rt_v6-rev0/mingw64/lib/gcc/x86_64-w64-mingw32/8.1.0/include/c++/iostream:39,
                 from ..\src\loA2.cpp:9:
C:/Program Files/mingw-w64/x86_64-8.1.0-win32-seh-rt_v6-rev0/mingw64/lib/gcc/x86_64-w64-mingw32/8.1.0/include/c++/bits/ostream.tcc:321:5: note: candidate: 'template<class _CharT, class _Traits> std::basic_ostream<_CharT, _Traits>& std::operator<<(std::basic_ostream<_CharT, _Traits>&, const char*)'
     operator<<(basic_ostream<_CharT, _Traits>& __out, const char* __s)
     ^~~~~~~~
C:/Program Files/mingw-w64/x86_64-8.1.0-win32-seh-rt_v6-rev0/mingw64/lib/gcc/x86_64-w64-mingw32/8.1.0/include/c++/bits/ostream.tcc:321:5: note:   template argument deduction/substitution failed:
..\src\loA2.cpp:60:9: note:   'std::istream' {aka 'std::basic_istream<char>'} is not derived from 'std::basic_ostream<_CharT, _Traits>'
  cin << gasCost
         ^~~~~~~
In file included from C:/Program Files/mingw-w64/x86_64-8.1.0-win32-seh-rt_v6-rev0/mingw64/lib/gcc/x86_64-w64-mingw32/8.1.0/include/c++/iostream:39,
                 from ..\src\loA2.cpp:9:
C:/Program Files/mingw-w64/x86_64-8.1.0-win32-seh-rt_v6-rev0/mingw64/lib/gcc/x86_64-w64-mingw32/8.1.0/include/c++/ostream:556:5: note: candidate: 'template<class _Traits> std::basic_ostream<char, _Traits>& std::operator<<(std::basic_ostream<char, _Traits>&, const char*)'
     operator<<(basic_ostream<char, _Traits>& __out, const char* __s)
     ^~~~~~~~
C:/Program Files/mingw-w64/x86_64-8.1.0-win32-seh-rt_v6-rev0/mingw64/lib/gcc/x86_64-w64-mingw32/8.1.0/include/c++/ostream:556:5: note:   template argument deduction/substitution failed:
..\src\loA2.cpp:60:9: note:   'std::istream' {aka 'std::basic_istream<char>'} is not derived from 'std::basic_ostream<char, _Traits>'
  cin << gasCost
         ^~~~~~~
In file included from C:/Program Files/mingw-w64/x86_64-8.1.0-win32-seh-rt_v6-rev0/mingw64/lib/gcc/x86_64-w64-mingw32/8.1.0/include/c++/iostream:39,
                 from ..\src\loA2.cpp:9:
C:/Program Files/mingw-w64/x86_64-8.1.0-win32-seh-rt_v6-rev0/mingw64/lib/gcc/x86_64-w64-mingw32/8.1.0/include/c++/ostream:569:5: note: candidate: 'template<class _Traits> std::basic_ostream<char, _Traits>& std::operator<<(std::basic_ostream<char, _Traits>&, const signed char*)'
     operator<<(basic_ostream<char, _Traits>& __out, const signed char* __s)
     ^~~~~~~~
C:/Program Files/mingw-w64/x86_64-8.1.0-win32-seh-rt_v6-rev0/mingw64/lib/gcc/x86_64-w64-mingw32/8.1.0/include/c++/ostream:569:5: note:   template argument deduction/substitution failed:
..\src\loA2.cpp:60:9: note:   'std::istream' {aka 'std::basic_istream<char>'} is not derived from 'std::basic_ostream<char, _Traits>'
  cin << gasCost
         ^~~~~~~
In file included from C:/Program Files/mingw-w64/x86_64-8.1.0-win32-seh-rt_v6-rev0/mingw64/lib/gcc/x86_64-w64-mingw32/8.1.0/include/c++/iostream:39,
                 from ..\src\loA2.cpp:9:
C:/Program Files/mingw-w64/x86_64-8.1.0-win32-seh-rt_v6-rev0/mingw64/lib/gcc/x86_64-w64-mingw32/8.1.0/include/c++/ostream:574:5: note: candidate: 'template<class _Traits> std::basic_ostream<char, _Traits>& std::operator<<(std::basic_ostream<char, _Traits>&, const unsigned char*)'
     operator<<(basic_ostream<char, _Traits>& __out, const unsigned char* __s)
     ^~~~~~~~
C:/Program Files/mingw-w64/x86_64-8.1.0-win32-seh-rt_v6-rev0/mingw64/lib/gcc/x86_64-w64-mingw32/8.1.0/include/c++/ostream:574:5: note:   template argument deduction/substitution failed:
..\src\loA2.cpp:60:9: note:   'std::istream' {aka 'std::basic_istream<char>'} is not derived from 'std::basic_ostream<char, _Traits>'
  cin << gasCost
         ^~~~~~~
In file included from C:/Program Files/mingw-w64/x86_64-8.1.0-win32-seh-rt_v6-rev0/mingw64/lib/gcc/x86_64-w64-mingw32/8.1.0/include/c++/iostream:39,
                 from ..\src\loA2.cpp:9:
C:/Program Files/mingw-w64/x86_64-8.1.0-win32-seh-rt_v6-rev0/mingw64/lib/gcc/x86_64-w64-mingw32/8.1.0/include/c++/ostream:682:5: note: candidate: 'template<class _Ostream, class _Tp> typename std::enable_if<std::__and_<std::__not_<std::is_lvalue_reference<_Tp> >, std::__is_convertible_to_basic_ostream<_Ostream>, std::__is_insertable<typename std::__is_convertible_to_basic_ostream<_Tp>::__ostream_type, const _Tp&, void> >::value, typename std::__is_convertible_to_basic_ostream<_Tp>::__ostream_type>::type std::operator<<(_Ostream&&, const _Tp&)'
     operator<<(_Ostream&& __os, const _Tp& __x)
     ^~~~~~~~
C:/Program Files/mingw-w64/x86_64-8.1.0-win32-seh-rt_v6-rev0/mingw64/lib/gcc/x86_64-w64-mingw32/8.1.0/include/c++/ostream:682:5: note:   template argument deduction/substitution failed:
C:/Program Files/mingw-w64/x86_64-8.1.0-win32-seh-rt_v6-rev0/mingw64/lib/gcc/x86_64-w64-mingw32/8.1.0/include/c++/ostream: In substitution of 'template<class _Ostream, class _Tp> typename std::enable_if<std::__and_<std::__not_<std::is_lvalue_reference<_Tp> >, std::__is_convertible_to_basic_ostream<_Ostream>, std::__is_insertable<typename std::__is_convertible_to_basic_ostream<_Tp>::__ostream_type, const _Tp&, void> >::value, typename std::__is_convertible_to_basic_ostream<_Tp>::__ostream_type>::type std::operator<<(_Ostream&&, const _Tp&) [with _Ostream = std::basic_istream<char>&; _Tp = double]':
..\src\loA2.cpp:60:9:   required from here
C:/Program Files/mingw-w64/x86_64-8.1.0-win32-seh-rt_v6-rev0/mingw64/lib/gcc/x86_64-w64-mingw32/8.1.0/include/c++/ostream:682:5: error: no type named 'type' in 'struct std::enable_if<false, void>'
In file included from ..\src\loA2.cpp:10:
C:/Program Files/mingw-w64/x86_64-8.1.0-win32-seh-rt_v6-rev0/mingw64/lib/gcc/x86_64-w64-mingw32/8.1.0/include/c++/iomanip:79:5: note: candidate: 'template<class _CharT, class _Traits> std::basic_ostream<_CharT, _Traits>& std::operator<<(std::basic_ostream<_CharT, _Traits>&, std::_Resetiosflags)'
     operator<<(basic_ostream<_CharT, _Traits>& __os, _Resetiosflags __f)
     ^~~~~~~~
C:/Program Files/mingw-w64/x86_64-8.1.0-win32-seh-rt_v6-rev0/mingw64/lib/gcc/x86_64-w64-mingw32/8.1.0/include/c++/iomanip:79:5: note:   template argument deduction/substitution failed:
..\src\loA2.cpp:60:9: note:   'std::istream' {aka 'std::basic_istream<char>'} is not derived from 'std::basic_ostream<_CharT, _Traits>'
  cin << gasCost
         ^~~~~~~
In file included from ..\src\loA2.cpp:10:
C:/Program Files/mingw-w64/x86_64-8.1.0-win32-seh-rt_v6-rev0/mingw64/lib/gcc/x86_64-w64-mingw32/8.1.0/include/c++/iomanip:109:5: note: candidate: 'template<class _CharT, class _Traits> std::basic_ostream<_CharT, _Traits>& std::operator<<(std::basic_ostream<_CharT, _Traits>&, std::_Setiosflags)'
     operator<<(basic_ostream<_CharT, _Traits>& __os, _Setiosflags __f)
     ^~~~~~~~
C:/Program Files/mingw-w64/x86_64-8.1.0-win32-seh-rt_v6-rev0/mingw64/lib/gcc/x86_64-w64-mingw32/8.1.0/include/c++/iomanip:109:5: note:   template argument deduction/substitution failed:
..\src\loA2.cpp:60:9: note:   'std::istream' {aka 'std::basic_istream<char>'} is not derived from 'std::basic_ostream<_CharT, _Traits>'
  cin << gasCost
         ^~~~~~~
In file included from ..\src\loA2.cpp:10:
C:/Program Files/mingw-w64/x86_64-8.1.0-win32-seh-rt_v6-rev0/mingw64/lib/gcc/x86_64-w64-mingw32/8.1.0/include/c++/iomanip:143:5: note: candidate: 'template<class _CharT, class _Traits> std::basic_ostream<_CharT, _Traits>& std::operator<<(std::basic_ostream<_CharT, _Traits>&, std::_Setbase)'
     operator<<(basic_ostream<_CharT, _Traits>& __os, _Setbase __f)
     ^~~~~~~~
C:/Program Files/mingw-w64/x86_64-8.1.0-win32-seh-rt_v6-rev0/mingw64/lib/gcc/x86_64-w64-mingw32/8.1.0/include/c++/iomanip:143:5: note:   template argument deduction/substitution failed:
..\src\loA2.cpp:60:9: note:   'std::istream' {aka 'std::basic_istream<char>'} is not derived from 'std::basic_ostream<_CharT, _Traits>'
  cin << gasCost
         ^~~~~~~
In file included from ..\src\loA2.cpp:10:
C:/Program Files/mingw-w64/x86_64-8.1.0-win32-seh-rt_v6-rev0/mingw64/lib/gcc/x86_64-w64-mingw32/8.1.0/include/c++/iomanip:178:5: note: candidate: 'template<class _CharT, class _Traits> std::basic_ostream<_CharT, _Traits>& std::operator<<(std::basic_ostream<_CharT, _Traits>&, std::_Setfill<_CharT>)'
     operator<<(basic_ostream<_CharT, _Traits>& __os, _Setfill<_CharT> __f)
     ^~~~~~~~
C:/Program Files/mingw-w64/x86_64-8.1.0-win32-seh-rt_v6-rev0/mingw64/lib/gcc/x86_64-w64-mingw32/8.1.0/include/c++/iomanip:178:5: note:   template argument deduction/substitution failed:
..\src\loA2.cpp:60:9: note:   'std::istream' {aka 'std::basic_istream<char>'} is not derived from 'std::basic_ostream<_CharT, _Traits>'
  cin << gasCost
         ^~~~~~~
In file included from ..\src\loA2.cpp:10:
C:/Program Files/mingw-w64/x86_64-8.1.0-win32-seh-rt_v6-rev0/mingw64/lib/gcc/x86_64-w64-mingw32/8.1.0/include/c++/iomanip:208:5: note: candidate: 'template<class _CharT, class _Traits> std::basic_ostream<_CharT, _Traits>& std::operator<<(std::basic_ostream<_CharT, _Traits>&, std::_Setprecision)'
     operator<<(basic_ostream<_CharT, _Traits>& __os, _Setprecision __f)
     ^~~~~~~~
C:/Program Files/mingw-w64/x86_64-8.1.0-win32-seh-rt_v6-rev0/mingw64/lib/gcc/x86_64-w64-mingw32/8.1.0/include/c++/iomanip:208:5: note:   template argument deduction/substitution failed:
..\src\loA2.cpp:60:9: note:   'std::istream' {aka 'std::basic_istream<char>'} is not derived from 'std::basic_ostream<_CharT, _Traits>'
  cin << gasCost
         ^~~~~~~
In file included from ..\src\loA2.cpp:10:
C:/Program Files/mingw-w64/x86_64-8.1.0-win32-seh-rt_v6-rev0/mingw64/lib/gcc/x86_64-w64-mingw32/8.1.0/include/c++/iomanip:238:5: note: candidate: 'template<class _CharT, class _Traits> std::basic_ostream<_CharT, _Traits>& std::operator<<(std::basic_ostream<_CharT, _Traits>&, std::_Setw)'
     operator<<(basic_ostream<_CharT, _Traits>& __os, _Setw __f)
     ^~~~~~~~
C:/Program Files/mingw-w64/x86_64-8.1.0-win32-seh-rt_v6-rev0/mingw64/lib/gcc/x86_64-w64-mingw32/8.1.0/include/c++/iomanip:238:5: note:   template argument deduction/substitution failed:
..\src\loA2.cpp:60:9: note:   'std::istream' {aka 'std::basic_istream<char>'} is not derived from 'std::basic_ostream<_CharT, _Traits>'
  cin << gasCost
         ^~~~~~~
In file included from ..\src\loA2.cpp:10:
C:/Program Files/mingw-w64/x86_64-8.1.0-win32-seh-rt_v6-rev0/mingw64/lib/gcc/x86_64-w64-mingw32/8.1.0/include/c++/iomanip:311:5: note: candidate: 'template<class _CharT, class _Traits, class _MoneyT> std::basic_ostream<_CharT, _Traits>& std::operator<<(std::basic_ostream<_CharT, _Traits>&, std::_Put_money<_MoneyT>)'
     operator<<(basic_ostream<_CharT, _Traits>& __os, _Put_money<_MoneyT> __f)
     ^~~~~~~~
C:/Program Files/mingw-w64/x86_64-8.1.0-win32-seh-rt_v6-rev0/mingw64/lib/gcc/x86_64-w64-mingw32/8.1.0/include/c++/iomanip:311:5: note:   template argument deduction/substitution failed:
..\src\loA2.cpp:60:9: note:   'std::istream' {aka 'std::basic_istream<char>'} is not derived from 'std::basic_ostream<_CharT, _Traits>'
  cin << gasCost
         ^~~~~~~
In file included from ..\src\loA2.cpp:10:
C:/Program Files/mingw-w64/x86_64-8.1.0-win32-seh-rt_v6-rev0/mingw64/lib/gcc/x86_64-w64-mingw32/8.1.0/include/c++/iomanip:363:5: note: candidate: 'template<class _CharT, class _Traits> std::basic_ostream<_CharT, _Traits>& std::operator<<(std::basic_ostream<_CharT, _Traits>&, std::_Put_time<_CharT>)'
     operator<<(basic_ostream<_CharT, _Traits>& __os, _Put_time<_CharT> __f)
     ^~~~~~~~
C:/Program Files/mingw-w64/x86_64-8.1.0-win32-seh-rt_v6-rev0/mingw64/lib/gcc/x86_64-w64-mingw32/8.1.0/include/c++/iomanip:363:5: note:   template argument deduction/substitution failed:
..\src\loA2.cpp:60:9: note:   'std::istream' {aka 'std::basic_istream<char>'} is not derived from 'std::basic_ostream<_CharT, _Traits>'
  cin << gasCost
         ^~~~~~~
..\src\loA2.cpp:58:18: warning: unused variable 'milesDriven' [-Wunused-variable]
  double gasCost, milesDriven;
                  ^~~~~~~~~~~
14:33:50 **** Incremental Build of configuration Debug for project loA2 ****
Info: Internal Builder is used for build
g++ -O0 -g3 -Wall -c -fmessage-length=0 -o "src\\loA2.o" "..\\src\\loA2.cpp" 
..\src\loA2.cpp: In function 'int main()':
..\src\loA2.cpp:63:7: error: no match for 'operator>>' (operand types are 'std::ostream' {aka 'std::basic_ostream<char>'} and 'double')
  cout >> gasCost >> milesDriven;
  ~~~~~^~~~~~~~~~
In file included from C:/Program Files/mingw-w64/x86_64-8.1.0-win32-seh-rt_v6-rev0/mingw64/lib/gcc/x86_64-w64-mingw32/8.1.0/include/c++/string:53,
                 from C:/Program Files/mingw-w64/x86_64-8.1.0-win32-seh-rt_v6-rev0/mingw64/lib/gcc/x86_64-w64-mingw32/8.1.0/include/c++/bits/locale_classes.h:40,
                 from C:/Program Files/mingw-w64/x86_64-8.1.0-win32-seh-rt_v6-rev0/mingw64/lib/gcc/x86_64-w64-mingw32/8.1.0/include/c++/bits/ios_base.h:41,
                 from C:/Program Files/mingw-w64/x86_64-8.1.0-win32-seh-rt_v6-rev0/mingw64/lib/gcc/x86_64-w64-mingw32/8.1.0/include/c++/ios:42,
                 from C:/Program Files/mingw-w64/x86_64-8.1.0-win32-seh-rt_v6-rev0/mingw64/lib/gcc/x86_64-w64-mingw32/8.1.0/include/c++/ostream:38,
                 from C:/Program Files/mingw-w64/x86_64-8.1.0-win32-seh-rt_v6-rev0/mingw64/lib/gcc/x86_64-w64-mingw32/8.1.0/include/c++/iostream:39,
                 from ..\src\loA2.cpp:9:
C:/Program Files/mingw-w64/x86_64-8.1.0-win32-seh-rt_v6-rev0/mingw64/lib/gcc/x86_64-w64-mingw32/8.1.0/include/c++/bits/basic_string.tcc:1465:5: note: candidate: 'template<class _CharT, class _Traits, class _Alloc> std::basic_istream<_CharT, _Traits>& std::operator>>(std::basic_istream<_CharT, _Traits>&, std::__cxx11::basic_string<_CharT, _Traits, _Alloc>&)'
     operator>>(basic_istream<_CharT, _Traits>& __in,
     ^~~~~~~~
C:/Program Files/mingw-w64/x86_64-8.1.0-win32-seh-rt_v6-rev0/mingw64/lib/gcc/x86_64-w64-mingw32/8.1.0/include/c++/bits/basic_string.tcc:1465:5: note:   template argument deduction/substitution failed:
..\src\loA2.cpp:63:10: note:   'std::ostream' {aka 'std::basic_ostream<char>'} is not derived from 'std::basic_istream<_CharT, _Traits>'
  cout >> gasCost >> milesDriven;
          ^~~~~~~
In file included from C:/Program Files/mingw-w64/x86_64-8.1.0-win32-seh-rt_v6-rev0/mingw64/lib/gcc/x86_64-w64-mingw32/8.1.0/include/c++/istream:991,
                 from C:/Program Files/mingw-w64/x86_64-8.1.0-win32-seh-rt_v6-rev0/mingw64/lib/gcc/x86_64-w64-mingw32/8.1.0/include/c++/iostream:40,
                 from ..\src\loA2.cpp:9:
C:/Program Files/mingw-w64/x86_64-8.1.0-win32-seh-rt_v6-rev0/mingw64/lib/gcc/x86_64-w64-mingw32/8.1.0/include/c++/bits/istream.tcc:931:5: note: candidate: 'template<class _CharT, class _Traits> std::basic_istream<_CharT, _Traits>& std::operator>>(std::basic_istream<_CharT, _Traits>&, _CharT&)'
     operator>>(basic_istream<_CharT, _Traits>& __in, _CharT& __c)
     ^~~~~~~~
C:/Program Files/mingw-w64/x86_64-8.1.0-win32-seh-rt_v6-rev0/mingw64/lib/gcc/x86_64-w64-mingw32/8.1.0/include/c++/bits/istream.tcc:931:5: note:   template argument deduction/substitution failed:
..\src\loA2.cpp:63:10: note:   'std::ostream' {aka 'std::basic_ostream<char>'} is not derived from 'std::basic_istream<_CharT, _Traits>'
  cout >> gasCost >> milesDriven;
          ^~~~~~~
In file included from C:/Program Files/mingw-w64/x86_64-8.1.0-win32-seh-rt_v6-rev0/mingw64/lib/gcc/x86_64-w64-mingw32/8.1.0/include/c++/iostream:40,
                 from ..\src\loA2.cpp:9:
C:/Program Files/mingw-w64/x86_64-8.1.0-win32-seh-rt_v6-rev0/mingw64/lib/gcc/x86_64-w64-mingw32/8.1.0/include/c++/istream:756:5: note: candidate: 'template<class _Traits> std::basic_istream<char, _Traits>& std::operator>>(std::basic_istream<char, _Traits>&, unsigned char&)'
     operator>>(basic_istream<char, _Traits>& __in, unsigned char& __c)
     ^~~~~~~~
C:/Program Files/mingw-w64/x86_64-8.1.0-win32-seh-rt_v6-rev0/mingw64/lib/gcc/x86_64-w64-mingw32/8.1.0/include/c++/istream:756:5: note:   template argument deduction/substitution failed:
..\src\loA2.cpp:63:10: note:   'std::ostream' {aka 'std::basic_ostream<char>'} is not derived from 'std::basic_istream<char, _Traits>'
  cout >> gasCost >> milesDriven;
          ^~~~~~~
In file included from C:/Program Files/mingw-w64/x86_64-8.1.0-win32-seh-rt_v6-rev0/mingw64/lib/gcc/x86_64-w64-mingw32/8.1.0/include/c++/iostream:40,
                 from ..\src\loA2.cpp:9:
C:/Program Files/mingw-w64/x86_64-8.1.0-win32-seh-rt_v6-rev0/mingw64/lib/gcc/x86_64-w64-mingw32/8.1.0/include/c++/istream:761:5: note: candidate: 'template<class _Traits> std::basic_istream<char, _Traits>& std::operator>>(std::basic_istream<char, _Traits>&, signed char&)'
     operator>>(basic_istream<char, _Traits>& __in, signed char& __c)
     ^~~~~~~~
C:/Program Files/mingw-w64/x86_64-8.1.0-win32-seh-rt_v6-rev0/mingw64/lib/gcc/x86_64-w64-mingw32/8.1.0/include/c++/istream:761:5: note:   template argument deduction/substitution failed:
..\src\loA2.cpp:63:10: note:   'std::ostream' {aka 'std::basic_ostream<char>'} is not derived from 'std::basic_istream<char, _Traits>'
  cout >> gasCost >> milesDriven;
          ^~~~~~~
In file included from C:/Program Files/mingw-w64/x86_64-8.1.0-win32-seh-rt_v6-rev0/mingw64/lib/gcc/x86_64-w64-mingw32/8.1.0/include/c++/istream:991,
                 from C:/Program Files/mingw-w64/x86_64-8.1.0-win32-seh-rt_v6-rev0/mingw64/lib/gcc/x86_64-w64-mingw32/8.1.0/include/c++/iostream:40,
                 from ..\src\loA2.cpp:9:
C:/Program Files/mingw-w64/x86_64-8.1.0-win32-seh-rt_v6-rev0/mingw64/lib/gcc/x86_64-w64-mingw32/8.1.0/include/c++/bits/istream.tcc:963:5: note: candidate: 'template<class _CharT2, class _Traits2> std::basic_istream<_CharT, _Traits>& std::operator>>(std::basic_istream<_CharT, _Traits>&, _CharT2*)'
     operator>>(basic_istream<_CharT, _Traits>& __in, _CharT* __s)
     ^~~~~~~~
C:/Program Files/mingw-w64/x86_64-8.1.0-win32-seh-rt_v6-rev0/mingw64/lib/gcc/x86_64-w64-mingw32/8.1.0/include/c++/bits/istream.tcc:963:5: note:   template argument deduction/substitution failed:
..\src\loA2.cpp:63:10: note:   'std::ostream' {aka 'std::basic_ostream<char>'} is not derived from 'std::basic_istream<_CharT, _Traits>'
  cout >> gasCost >> milesDriven;
          ^~~~~~~
In file included from C:/Program Files/mingw-w64/x86_64-8.1.0-win32-seh-rt_v6-rev0/mingw64/lib/gcc/x86_64-w64-mingw32/8.1.0/include/c++/iostream:40,
                 from ..\src\loA2.cpp:9:
C:/Program Files/mingw-w64/x86_64-8.1.0-win32-seh-rt_v6-rev0/mingw64/lib/gcc/x86_64-w64-mingw32/8.1.0/include/c++/istream:803:5: note: candidate: 'template<class _Traits> std::basic_istream<char, _Traits>& std::operator>>(std::basic_istream<char, _Traits>&, unsigned char*)'
     operator>>(basic_istream<char, _Traits>& __in, unsigned char* __s)
     ^~~~~~~~
C:/Program Files/mingw-w64/x86_64-8.1.0-win32-seh-rt_v6-rev0/mingw64/lib/gcc/x86_64-w64-mingw32/8.1.0/include/c++/istream:803:5: note:   template argument deduction/substitution failed:
..\src\loA2.cpp:63:10: note:   'std::ostream' {aka 'std::basic_ostream<char>'} is not derived from 'std::basic_istream<char, _Traits>'
  cout >> gasCost >> milesDriven;
          ^~~~~~~
In file included from C:/Program Files/mingw-w64/x86_64-8.1.0-win32-seh-rt_v6-rev0/mingw64/lib/gcc/x86_64-w64-mingw32/8.1.0/include/c++/iostream:40,
                 from ..\src\loA2.cpp:9:
C:/Program Files/mingw-w64/x86_64-8.1.0-win32-seh-rt_v6-rev0/mingw64/lib/gcc/x86_64-w64-mingw32/8.1.0/include/c++/istream:808:5: note: candidate: 'template<class _Traits> std::basic_istream<char, _Traits>& std::operator>>(std::basic_istream<char, _Traits>&, signed char*)'
     operator>>(basic_istream<char, _Traits>& __in, signed char* __s)
     ^~~~~~~~
C:/Program Files/mingw-w64/x86_64-8.1.0-win32-seh-rt_v6-rev0/mingw64/lib/gcc/x86_64-w64-mingw32/8.1.0/include/c++/istream:808:5: note:   template argument deduction/substitution failed:
..\src\loA2.cpp:63:10: note:   'std::ostream' {aka 'std::basic_ostream<char>'} is not derived from 'std::basic_istream<char, _Traits>'
  cout >> gasCost >> milesDriven;
          ^~~~~~~
In file included from C:/Program Files/mingw-w64/x86_64-8.1.0-win32-seh-rt_v6-rev0/mingw64/lib/gcc/x86_64-w64-mingw32/8.1.0/include/c++/iostream:40,
                 from ..\src\loA2.cpp:9:
C:/Program Files/mingw-w64/x86_64-8.1.0-win32-seh-rt_v6-rev0/mingw64/lib/gcc/x86_64-w64-mingw32/8.1.0/include/c++/istream:980:5: note: candidate: 'template<class _Istream, class _Tp> typename std::enable_if<std::__and_<std::__not_<std::is_lvalue_reference<_Tp> >, std::__is_convertible_to_basic_istream<_Istream>, std::__is_extractable<typename std::__is_convertible_to_basic_istream<_Tp>::__istream_type, _Tp&&, void> >::value, typename std::__is_convertible_to_basic_istream<_Tp>::__istream_type>::type std::operator>>(_Istream&&, _Tp&&)'
     operator>>(_Istream&& __is, _Tp&& __x)
     ^~~~~~~~
C:/Program Files/mingw-w64/x86_64-8.1.0-win32-seh-rt_v6-rev0/mingw64/lib/gcc/x86_64-w64-mingw32/8.1.0/include/c++/istream:980:5: note:   template argument deduction/substitution failed:
C:/Program Files/mingw-w64/x86_64-8.1.0-win32-seh-rt_v6-rev0/mingw64/lib/gcc/x86_64-w64-mingw32/8.1.0/include/c++/istream: In substitution of 'template<class _Istream, class _Tp> typename std::enable_if<std::__and_<std::__not_<std::is_lvalue_reference<_Tp> >, std::__is_convertible_to_basic_istream<_Istream>, std::__is_extractable<typename std::__is_convertible_to_basic_istream<_Tp>::__istream_type, _Tp&&, void> >::value, typename std::__is_convertible_to_basic_istream<_Tp>::__istream_type>::type std::operator>>(_Istream&&, _Tp&&) [with _Istream = std::basic_ostream<char>&; _Tp = double&]':
..\src\loA2.cpp:63:10:   required from here
C:/Program Files/mingw-w64/x86_64-8.1.0-win32-seh-rt_v6-rev0/mingw64/lib/gcc/x86_64-w64-mingw32/8.1.0/include/c++/istream:980:5: error: no type named 'type' in 'struct std::enable_if<false, void>'
In file included from ..\src\loA2.cpp:10:
C:/Program Files/mingw-w64/x86_64-8.1.0-win32-seh-rt_v6-rev0/mingw64/lib/gcc/x86_64-w64-mingw32/8.1.0/include/c++/iomanip:71:5: note: candidate: 'template<class _CharT, class _Traits> std::basic_istream<_CharT, _Traits>& std::operator>>(std::basic_istream<_CharT, _Traits>&, std::_Resetiosflags)'
     operator>>(basic_istream<_CharT, _Traits>& __is, _Resetiosflags __f)
     ^~~~~~~~
C:/Program Files/mingw-w64/x86_64-8.1.0-win32-seh-rt_v6-rev0/mingw64/lib/gcc/x86_64-w64-mingw32/8.1.0/include/c++/iomanip:71:5: note:   template argument deduction/substitution failed:
..\src\loA2.cpp:63:10: note:   'std::ostream' {aka 'std::basic_ostream<char>'} is not derived from 'std::basic_istream<_CharT, _Traits>'
  cout >> gasCost >> milesDriven;
          ^~~~~~~
In file included from ..\src\loA2.cpp:10:
C:/Program Files/mingw-w64/x86_64-8.1.0-win32-seh-rt_v6-rev0/mingw64/lib/gcc/x86_64-w64-mingw32/8.1.0/include/c++/iomanip:101:5: note: candidate: 'template<class _CharT, class _Traits> std::basic_istream<_CharT, _Traits>& std::operator>>(std::basic_istream<_CharT, _Traits>&, std::_Setiosflags)'
     operator>>(basic_istream<_CharT, _Traits>& __is, _Setiosflags __f)
     ^~~~~~~~
C:/Program Files/mingw-w64/x86_64-8.1.0-win32-seh-rt_v6-rev0/mingw64/lib/gcc/x86_64-w64-mingw32/8.1.0/include/c++/iomanip:101:5: note:   template argument deduction/substitution failed:
..\src\loA2.cpp:63:10: note:   'std::ostream' {aka 'std::basic_ostream<char>'} is not derived from 'std::basic_istream<_CharT, _Traits>'
  cout >> gasCost >> milesDriven;
          ^~~~~~~
In file included from ..\src\loA2.cpp:10:
C:/Program Files/mingw-w64/x86_64-8.1.0-win32-seh-rt_v6-rev0/mingw64/lib/gcc/x86_64-w64-mingw32/8.1.0/include/c++/iomanip:132:5: note: candidate: 'template<class _CharT, class _Traits> std::basic_istream<_CharT, _Traits>& std::operator>>(std::basic_istream<_CharT, _Traits>&, std::_Setbase)'
     operator>>(basic_istream<_CharT, _Traits>& __is, _Setbase __f)
     ^~~~~~~~
C:/Program Files/mingw-w64/x86_64-8.1.0-win32-seh-rt_v6-rev0/mingw64/lib/gcc/x86_64-w64-mingw32/8.1.0/include/c++/iomanip:132:5: note:   template argument deduction/substitution failed:
..\src\loA2.cpp:63:10: note:   'std::ostream' {aka 'std::basic_ostream<char>'} is not derived from 'std::basic_istream<_CharT, _Traits>'
  cout >> gasCost >> milesDriven;
          ^~~~~~~
In file included from ..\src\loA2.cpp:10:
C:/Program Files/mingw-w64/x86_64-8.1.0-win32-seh-rt_v6-rev0/mingw64/lib/gcc/x86_64-w64-mingw32/8.1.0/include/c++/iomanip:170:5: note: candidate: 'template<class _CharT, class _Traits> std::basic_istream<_CharT, _Traits>& std::operator>>(std::basic_istream<_CharT, _Traits>&, std::_Setfill<_CharT>)'
     operator>>(basic_istream<_CharT, _Traits>& __is, _Setfill<_CharT> __f)
     ^~~~~~~~
C:/Program Files/mingw-w64/x86_64-8.1.0-win32-seh-rt_v6-rev0/mingw64/lib/gcc/x86_64-w64-mingw32/8.1.0/include/c++/iomanip:170:5: note:   template argument deduction/substitution failed:
..\src\loA2.cpp:63:10: note:   'std::ostream' {aka 'std::basic_ostream<char>'} is not derived from 'std::basic_istream<_CharT, _Traits>'
  cout >> gasCost >> milesDriven;
          ^~~~~~~
In file included from ..\src\loA2.cpp:10:
C:/Program Files/mingw-w64/x86_64-8.1.0-win32-seh-rt_v6-rev0/mingw64/lib/gcc/x86_64-w64-mingw32/8.1.0/include/c++/iomanip:200:5: note: candidate: 'template<class _CharT, class _Traits> std::basic_istream<_CharT, _Traits>& std::operator>>(std::basic_istream<_CharT, _Traits>&, std::_Setprecision)'
     operator>>(basic_istream<_CharT, _Traits>& __is, _Setprecision __f)
     ^~~~~~~~
C:/Program Files/mingw-w64/x86_64-8.1.0-win32-seh-rt_v6-rev0/mingw64/lib/gcc/x86_64-w64-mingw32/8.1.0/include/c++/iomanip:200:5: note:   template argument deduction/substitution failed:
..\src\loA2.cpp:63:10: note:   'std::ostream' {aka 'std::basic_ostream<char>'} is not derived from 'std::basic_istream<_CharT, _Traits>'
  cout >> gasCost >> milesDriven;
          ^~~~~~~
In file included from ..\src\loA2.cpp:10:
C:/Program Files/mingw-w64/x86_64-8.1.0-win32-seh-rt_v6-rev0/mingw64/lib/gcc/x86_64-w64-mingw32/8.1.0/include/c++/iomanip:230:5: note: candidate: 'template<class _CharT, class _Traits> std::basic_istream<_CharT, _Traits>& std::operator>>(std::basic_istream<_CharT, _Traits>&, std::_Setw)'
     operator>>(basic_istream<_CharT, _Traits>& __is, _Setw __f)
     ^~~~~~~~
C:/Program Files/mingw-w64/x86_64-8.1.0-win32-seh-rt_v6-rev0/mingw64/lib/gcc/x86_64-w64-mingw32/8.1.0/include/c++/iomanip:230:5: note:   template argument deduction/substitution failed:
..\src\loA2.cpp:63:10: note:   'std::ostream' {aka 'std::basic_ostream<char>'} is not derived from 'std::basic_istream<_CharT, _Traits>'
  cout >> gasCost >> milesDriven;
          ^~~~~~~
In file included from ..\src\loA2.cpp:10:
C:/Program Files/mingw-w64/x86_64-8.1.0-win32-seh-rt_v6-rev0/mingw64/lib/gcc/x86_64-w64-mingw32/8.1.0/include/c++/iomanip:264:5: note: candidate: 'template<class _CharT, class _Traits, class _MoneyT> std::basic_istream<_CharT, _Traits>& std::operator>>(std::basic_istream<_CharT, _Traits>&, std::_Get_money<_MoneyT>)'
     operator>>(basic_istream<_CharT, _Traits>& __is, _Get_money<_MoneyT> __f)
     ^~~~~~~~
C:/Program Files/mingw-w64/x86_64-8.1.0-win32-seh-rt_v6-rev0/mingw64/lib/gcc/x86_64-w64-mingw32/8.1.0/include/c++/iomanip:264:5: note:   template argument deduction/substitution failed:
..\src\loA2.cpp:63:10: note:   'std::ostream' {aka 'std::basic_ostream<char>'} is not derived from 'std::basic_istream<_CharT, _Traits>'
  cout >> gasCost >> milesDriven;
          ^~~~~~~
In file included from ..\src\loA2.cpp:10:
C:/Program Files/mingw-w64/x86_64-8.1.0-win32-seh-rt_v6-rev0/mingw64/lib/gcc/x86_64-w64-mingw32/8.1.0/include/c++/iomanip:418:5: note: candidate: 'template<class _CharT, class _Traits> std::basic_istream<_CharT, _Traits>& std::operator>>(std::basic_istream<_CharT, _Traits>&, std::_Get_time<_CharT>)'
     operator>>(basic_istream<_CharT, _Traits>& __is, _Get_time<_CharT> __f)
     ^~~~~~~~
C:/Program Files/mingw-w64/x86_64-8.1.0-win32-seh-rt_v6-rev0/mingw64/lib/gcc/x86_64-w64-mingw32/8.1.0/include/c++/iomanip:418:5: note:   template argument deduction/substitution failed:
..\src\loA2.cpp:63:10: note:   'std::ostream' {aka 'std::basic_ostream<char>'} is not derived from 'std::basic_istream<_CharT, _Traits>'
  cout >> gasCost >> milesDriven;
          ^~~~~~~
14:34:04 **** Incremental Build of configuration Debug for project loA2 ****
Info: Internal Builder is used for build
g++ -O0 -g3 -Wall -c -fmessage-length=0 -o "src\\loA2.o" "..\\src\\loA2.cpp" 
g++ -o loA2.exe "src\\loA2.o" 
C:/Program Files/mingw-w64/x86_64-8.1.0-win32-seh-rt_v6-rev0/mingw64/bin/../lib/gcc/x86_64-w64-mingw32/8.1.0/../../../../x86_64-w64-mingw32/bin/ld.exe: cannot open output file loA2.exe: Permission denied
collect2.exe: error: ld returned 1 exit status
14:34:36 **** Incremental Build of configuration Debug for project loA2 ****
Info: Internal Builder is used for build
g++ -o loA2.exe "src\\loA2.o" 
Info: Nothing to build for loA2
14:40:33 **** Incremental Build of configuration Debug for project loA2 ****
Info: Internal Builder is used for build
g++ -O0 -g3 -Wall -c -fmessage-length=0 -o "src\\loA2.o" "..\\src\\loA2.cpp" 
..\src\loA2.cpp: In function 'int main()':
..\src\loA2.cpp:65:9: warning: unused variable 'costPerMile' [-Wunused-variable]
  double costPerMile = gasCost/milesDriven;
         ^~~~~~~~~~~
g++ -o loA2.exe "src\\loA2.o" 
14:40:44 **** Incremental Build of configuration Debug for project loA2 ****
Info: Internal Builder is used for build
g++ -O0 -g3 -Wall -c -fmessage-length=0 -o "src\\loA2.o" "..\\src\\loA2.cpp" 
g++ -o loA2.exe "src\\loA2.o" 
Info: Nothing to build for loA2
Info: Nothing to build for loA2
Info: Nothing to build for loA2
14:44:45 **** Incremental Build of configuration Debug for project loA2 ****
Info: Internal Builder is used for build
g++ -O0 -g3 -Wall -c -fmessage-length=0 -o "src\\loA2.o" "..\\src\\loA2.cpp" 
g++ -o loA2.exe "src\\loA2.o" 
Info: Nothing to build for loA2
14:45:20 **** Incremental Build of configuration Debug for project loA2 ****
Info: Internal Builder is used for build
g++ -O0 -g3 -Wall -c -fmessage-length=0 -o "src\\loA2.o" "..\\src\\loA2.cpp" 
g++ -o loA2.exe "src\\loA2.o" 
Info: Nothing to build for loA2
14:46:10 **** Incremental Build of configuration Debug for project loA2 ****
Info: Internal Builder is used for build
g++ -O0 -g3 -Wall -c -fmessage-length=0 -o "src\\loA2.o" "..\\src\\loA2.cpp" 
g++ -o loA2.exe "src\\loA2.o" 
Info: Nothing to build for loA2
14:46:41 **** Incremental Build of configuration Debug for project loA2 ****
Info: Internal Builder is used for build
g++ -O0 -g3 -Wall -c -fmessage-length=0 -o "src\\loA2.o" "..\\src\\loA2.cpp" 
g++ -o loA2.exe "src\\loA2.o" 
Info: Nothing to build for loA2
14:47:20 **** Incremental Build of configuration Debug for project loA2 ****
Info: Internal Builder is used for build
g++ -O0 -g3 -Wall -c -fmessage-length=0 -o "src\\loA2.o" "..\\src\\loA2.cpp" 
g++ -o loA2.exe "src\\loA2.o" 
Info: Nothing to build for loA2
14:47:51 **** Incremental Build of configuration Debug for project loA2 ****
Info: Internal Builder is used for build
g++ -O0 -g3 -Wall -c -fmessage-length=0 -o "src\\loA2.o" "..\\src\\loA2.cpp" 
g++ -o loA2.exe "src\\loA2.o" 
Info: Nothing to build for loA2
14:48:29 **** Incremental Build of configuration Debug for project loA2 ****
Info: Internal Builder is used for build
g++ -O0 -g3 -Wall -c -fmessage-length=0 -o "src\\loA2.o" "..\\src\\loA2.cpp" 
g++ -o loA2.exe "src\\loA2.o" 
Info: Nothing to build for loA2
Info: Nothing to build for loA2
14:49:58 **** Incremental Build of configuration Debug for project loA2 ****
Info: Internal Builder is used for build
g++ -O0 -g3 -Wall -c -fmessage-length=0 -o "src\\loA2.o" "..\\src\\loA2.cpp" 
g++ -o loA2.exe "src\\loA2.o" 
14:51:18 **** Incremental Build of configuration Debug for project loA2 ****
Info: Internal Builder is used for build
g++ -O0 -g3 -Wall -c -fmessage-length=0 -o "src\\loA2.o" "..\\src\\loA2.cpp" 
g++ -o loA2.exe "src\\loA2.o" 
14:51:30 **** Incremental Build of configuration Debug for project loA2 ****
Info: Internal Builder is used for build
g++ -O0 -g3 -Wall -c -fmessage-length=0 -o "src\\loA2.o" "..\\src\\loA2.cpp" 
g++ -o loA2.exe "src\\loA2.o" 
14:52:02 **** Incremental Build of configuration Debug for project loA2 ****
Info: Internal Builder is used for build
g++ -O0 -g3 -Wall -c -fmessage-length=0 -o "src\\loA2.o" "..\\src\\loA2.cpp" 
g++ -o loA2.exe "src\\loA2.o" 
Info: Nothing to build for loA2
Info: Nothing to build for loA2
14:53:11 **** Incremental Build of configuration Debug for project loA2 ****
Info: Internal Builder is used for build
g++ -O0 -g3 -Wall -c -fmessage-length=0 -o "src\\loA2.o" "..\\src\\loA2.cpp" 
g++ -o loA2.exe "src\\loA2.o" 
Info: Nothing to build for loA2
14:54:59 **** Incremental Build of configuration Debug for project loA2 ****
Info: Internal Builder is used for build
g++ -O0 -g3 -Wall -c -fmessage-length=0 -o "src\\loA2.o" "..\\src\\loA2.cpp" 
g++ -o loA2.exe "src\\loA2.o" 
14:56:19 **** Incremental Build of configuration Debug for project loA2 ****
Info: Internal Builder is used for build
g++ -O0 -g3 -Wall -c -fmessage-length=0 -o "src\\loA2.o" "..\\src\\loA2.cpp" 
g++ -o loA2.exe "src\\loA2.o" 
14:22:54 **** Incremental Build of configuration Debug for project loA2 ****
Info: Internal Builder is used for build
g++ -O0 -g3 -Wall -c -fmessage-length=0 -o "src\\loA2.o" "..\\src\\loA2.cpp" 
g++ -o loA2.exe "src\\loA2.o" 
14:42:03 **** Rebuild of configuration Debug for project loA2 Vegas ****
Info: Internal Builder is used for build
g++ -O0 -g3 -Wall -c -fmessage-length=0 -o "src\\loA2 Vegas.o" "..\\src\\loA2 Vegas.cpp" 
g++ -o "loA2 Vegas.exe" "src\\loA2 Vegas.o" 
Info: Nothing to build for loA2 Vegas
Info: Nothing to build for loA2 Vegas
Info: Nothing to build for loA2 Vegas
Info: Nothing to build for loA2 Vegas
Info: Nothing to build for loA2 Vegas
14:46:25 **** Incremental Build of configuration Debug for project loA2 Vegas ****
Info: Internal Builder is used for build
g++ -O0 -g3 -Wall -c -fmessage-length=0 -o "src\\loA2 Vegas.o" "..\\src\\loA2 Vegas.cpp" 
g++ -o "loA2 Vegas.exe" "src\\loA2 Vegas.o" 
Info: Nothing to build for loA2 Vegas
Info: Nothing to build for loA2 Vegas
Info: Nothing to build for loA2 Vegas
Info: Nothing to build for loA2 Vegas
Info: Nothing to build for loA2 Vegas
Info: Nothing to build for loA2 Vegas
Info: Nothing to build for loA2 Vegas
Info: Nothing to build for loA2 Vegas
Info: Nothing to build for loA2 Vegas
Info: Nothing to build for loA2 Vegas
Info: Nothing to build for loA2 Vegas
Info: Nothing to build for loA2 Vegas
Info: Nothing to build for loA2 Vegas
Info: Nothing to build for loA2 Vegas
Info: Nothing to build for loA2 Vegas
Info: Nothing to build for loA2 Vegas
Info: Nothing to build for loA2 Vegas
Info: Nothing to build for loA2 Vegas
Info: Nothing to build for loA2 Vegas
Info: Nothing to build for loA2 Vegas
Info: Nothing to build for loA2 Vegas
Info: Nothing to build for loA2 Vegas
Info: Nothing to build for loA2 Vegas
Info: Nothing to build for loA2 Vegas
Info: Nothing to build for loA2 Vegas
Info: Nothing to build for loA2 Vegas
Info: Nothing to build for loA2 Vegas
Info: Nothing to build for loA2 Vegas
Info: Nothing to build for loA2 Vegas
Info: Nothing to build for loA2 Vegas
Info: Nothing to build for loA2 Vegas
Info: Nothing to build for loA2 Vegas
Info: Nothing to build for loA2 Vegas
Info: Nothing to build for loA2 Vegas
Info: Nothing to build for loA2 Vegas
14:47:42 **** Incremental Build of configuration Debug for project loA2 Vegas ****
Info: Internal Builder is used for build
g++ -O0 -g3 -Wall -c -fmessage-length=0 -o "src\\loA2 Vegas.o" "..\\src\\loA2 Vegas.cpp" 
g++ -o "loA2 Vegas.exe" "src\\loA2 Vegas.o" 
Info: Nothing to build for loA2 Vegas
Info: Nothing to build for loA2 Vegas
Info: Nothing to build for loA2 Vegas
Info: Nothing to build for loA2 Vegas
Info: Nothing to build for loA2 Vegas
Info: Nothing to build for loA2 Vegas
Info: Nothing to build for loA2 Vegas
Info: Nothing to build for loA2 Vegas
Info: Nothing to build for loA2 Vegas
Info: Nothing to build for loA2 Vegas
Info: Nothing to build for loA2 Vegas
Info: Nothing to build for loA2 Vegas
14:48:10 **** Incremental Build of configuration Debug for project loA2 Vegas ****
Info: Internal Builder is used for build
g++ -O0 -g3 -Wall -c -fmessage-length=0 -o "src\\loA2 Vegas.o" "..\\src\\loA2 Vegas.cpp" 
g++ -o "loA2 Vegas.exe" "src\\loA2 Vegas.o" 
Info: Nothing to build for loA2 Vegas
Info: Nothing to build for loA2 Vegas
Info: Nothing to build for loA2 Vegas
Info: Nothing to build for loA2 Vegas
Info: Nothing to build for loA2 Vegas
Info: Nothing to build for loA2 Vegas
14:52:40 **** Incremental Build of configuration Debug for project loA2 Vegas ****
Info: Internal Builder is used for build
g++ -O0 -g3 -Wall -c -fmessage-length=0 -o "src\\loA2 Vegas.o" "..\\src\\loA2 Vegas.cpp" 
g++ -o "loA2 Vegas.exe" "src\\loA2 Vegas.o" 
Info: Nothing to build for loA2 Vegas
Info: Nothing to build for loA2 Vegas
Info: Nothing to build for loA2 Vegas
14:54:13 **** Incremental Build of configuration Debug for project loA2 ****
Info: Internal Builder is used for build
g++ -O0 -g3 -Wall -c -fmessage-length=0 -o "src\\loA2.o" "..\\src\\loA2.cpp" 
..\src\loA2.cpp: In function 'int main()':
..\src\loA2.cpp:82:2: error: expected '(' before 'return'
  return 0;
  ^~~~~~
  (
14:54:24 **** Incremental Build of configuration Debug for project loA2 ****
Info: Internal Builder is used for build
g++ -O0 -g3 -Wall -c -fmessage-length=0 -o "src\\loA2.o" "..\\src\\loA2.cpp" 
g++ -o loA2.exe "src\\loA2.o" 
14:55:00 **** Incremental Build of configuration Debug for project loA2 Vegas ****
Info: Internal Builder is used for build
g++ -O0 -g3 -Wall -c -fmessage-length=0 -o "src\\loA2 Vegas.o" "..\\src\\loA2 Vegas.cpp" 
g++ -o "loA2 Vegas.exe" "src\\loA2 Vegas.o" 
Info: Nothing to build for loA2 Vegas
Info: Nothing to build for loA2 Vegas
Info: Nothing to build for loA2 Vegas
Info: Nothing to build for loA2 Vegas
Info: Nothing to build for loA2 Vegas
14:57:30 **** Incremental Build of configuration Debug for project loA2 Vegas ****
Info: Internal Builder is used for build
g++ -O0 -g3 -Wall -c -fmessage-length=0 -o "src\\loA2 Vegas.o" "..\\src\\loA2 Vegas.cpp" 
..\src\loA2 Vegas.cpp: In function 'int main()':
..\src\loA2 Vegas.cpp:32:6: error: 'total' was not declared in this scope
  if (total == 2) or (total == 3) or (total == 12) {
      ^~~~~
..\src\loA2 Vegas.cpp:32:18: error: expected primary-expression before 'or' token
  if (total == 2) or (total == 3) or (total == 12) {
                  ^~
14:59:17 **** Incremental Build of configuration Debug for project loA2 Vegas ****
Info: Internal Builder is used for build
g++ -O0 -g3 -Wall -c -fmessage-length=0 -o "src\\loA2 Vegas.o" "..\\src\\loA2 Vegas.cpp" 
..\src\loA2 Vegas.cpp: In function 'int main()':
..\src\loA2 Vegas.cpp:32:22: error: expected primary-expression before '||' token
  if (diceTotal == 2) || (diceTotal == 3) || (diceTotal == 12) {
                      ^~
15:00:15 **** Incremental Build of configuration Debug for project loA2 Vegas ****
Info: Internal Builder is used for build
g++ -O0 -g3 -Wall -c -fmessage-length=0 -o "src\\loA2 Vegas.o" "..\\src\\loA2 Vegas.cpp" 
g++ -o "loA2 Vegas.exe" "src\\loA2 Vegas.o" 
15:00:47 **** Incremental Build of configuration Debug for project loA2 Vegas ****
Info: Internal Builder is used for build
g++ -O0 -g3 -Wall -c -fmessage-length=0 -o "src\\loA2 Vegas.o" "..\\src\\loA2 Vegas.cpp" 
g++ -o "loA2 Vegas.exe" "src\\loA2 Vegas.o" 
Info: Nothing to build for loA2 Vegas
Info: Nothing to build for loA2 Vegas
Info: Nothing to build for loA2 Vegas
15:02:29 **** Incremental Build of configuration Debug for project loA2 Vegas ****
Info: Internal Builder is used for build
g++ -O0 -g3 -Wall -c -fmessage-length=0 -o "src\\loA2 Vegas.o" "..\\src\\loA2 Vegas.cpp" 
g++ -o "loA2 Vegas.exe" "src\\loA2 Vegas.o" 
Info: Nothing to build for loA2 Vegas
Info: Nothing to build for loA2 Vegas
Info: Nothing to build for loA2 Vegas
Info: Nothing to build for loA2 Vegas
Info: Nothing to build for loA2 Vegas
Info: Nothing to build for loA2 Vegas
Info: Nothing to build for loA2 Vegas
Info: Nothing to build for loA2 Vegas
Info: Nothing to build for loA2 Vegas
Info: Nothing to build for loA2 Vegas
Info: Nothing to build for loA2 Vegas
15:10:55 **** Incremental Build of configuration Debug for project loA2 Vegas ****
Info: Internal Builder is used for build
g++ -O0 -g3 -Wall -c -fmessage-length=0 -o "src\\loA2 Vegas.o" "..\\src\\loA2 Vegas.cpp" 
..\src\loA2 Vegas.cpp: In function 'int main()':
..\src\loA2 Vegas.cpp:44:7: warning: unused variable 'roll2Total' [-Wunused-variable]
   int roll2Total = die1 + die2;
       ^~~~~~~~~~
g++ -o "loA2 Vegas.exe" "src\\loA2 Vegas.o" 
15:11:24 **** Incremental Build of configuration Debug for project loA2 Vegas ****
Info: Internal Builder is used for build
g++ -O0 -g3 -Wall -c -fmessage-length=0 -o "src\\loA2 Vegas.o" "..\\src\\loA2 Vegas.cpp" 
..\src\loA2 Vegas.cpp: In function 'int main()':
..\src\loA2 Vegas.cpp:44:7: warning: unused variable 'roll2Total' [-Wunused-variable]
   int roll2Total = die1 + die2;
       ^~~~~~~~~~
g++ -o "loA2 Vegas.exe" "src\\loA2 Vegas.o" 
Info: Nothing to build for loA2 Vegas
15:11:39 **** Incremental Build of configuration Debug for project loA2 Vegas ****
Info: Internal Builder is used for build
g++ -O0 -g3 -Wall -c -fmessage-length=0 -o "src\\loA2 Vegas.o" "..\\src\\loA2 Vegas.cpp" 
g++ -o "loA2 Vegas.exe" "src\\loA2 Vegas.o" 
Info: Nothing to build for loA2 Vegas
Info: Nothing to build for loA2 Vegas
15:12:12 **** Incremental Build of configuration Debug for project loA2 Vegas ****
Info: Internal Builder is used for build
g++ -O0 -g3 -Wall -c -fmessage-length=0 -o "src\\loA2 Vegas.o" "..\\src\\loA2 Vegas.cpp" 
g++ -o "loA2 Vegas.exe" "src\\loA2 Vegas.o" 
Info: Nothing to build for loA2 Vegas
Info: Nothing to build for loA2 Vegas
15:12:30 **** Incremental Build of configuration Debug for project loA2 Vegas ****
Info: Internal Builder is used for build
g++ -O0 -g3 -Wall -c -fmessage-length=0 -o "src\\loA2 Vegas.o" "..\\src\\loA2 Vegas.cpp" 
g++ -o "loA2 Vegas.exe" "src\\loA2 Vegas.o" 
Info: Nothing to build for loA2 Vegas
Info: Nothing to build for loA2 Vegas
Info: Nothing to build for loA2
15:14:33 **** Incremental Build of configuration Debug for project loA2 Vegas ****
Info: Internal Builder is used for build
g++ -O0 -g3 -Wall -c -fmessage-length=0 -o "src\\loA2 Vegas.o" "..\\src\\loA2 Vegas.cpp" 
..\src\loA2 Vegas.cpp: In function 'int main()':
..\src\loA2 Vegas.cpp:56:2: error: expected primary-expression before '}' token
  }
  ^
15:15:43 **** Incremental Build of configuration Debug for project loA2 Vegas ****
Info: Internal Builder is used for build
g++ -O0 -g3 -Wall -c -fmessage-length=0 -o "src\\loA2 Vegas.o" "..\\src\\loA2 Vegas.cpp" 
g++ -o "loA2 Vegas.exe" "src\\loA2 Vegas.o" 
Info: Nothing to build for loA2 Vegas
Info: Nothing to build for loA2 Vegas
Info: Nothing to build for loA2 Vegas
Info: Nothing to build for loA2 Vegas
Info: Nothing to build for loA2 Vegas
Info: Nothing to build for loA2 Vegas
Info: Nothing to build for loA2
15:18:06 **** Incremental Build of configuration Debug for project loA2 ****
Info: Internal Builder is used for build
g++ -O0 -g3 -Wall -c -fmessage-length=0 -o "src\\loA2.o" "..\\src\\loA2.cpp" 
g++ -o loA2.exe "src\\loA2.o" 
15:18:35 **** Incremental Build of configuration Debug for project loA2 ****
Info: Internal Builder is used for build
g++ -O0 -g3 -Wall -c -fmessage-length=0 -o "src\\loA2.o" "..\\src\\loA2.cpp" 
g++ -o loA2.exe "src\\loA2.o" 
Info: Nothing to build for loA2
15:19:33 **** Incremental Build of configuration Debug for project loA2 ****
Info: Internal Builder is used for build
g++ -O0 -g3 -Wall -c -fmessage-length=0 -o "src\\loA2.o" "..\\src\\loA2.cpp" 
g++ -o loA2.exe "src\\loA2.o" 
